[2024-07-13T15:22:14.313+0000] {local_task_job_runner.py:120} INFO - ::group::Pre task execution logs
[2024-07-13T15:22:14.445+0000] {taskinstance.py:2076} INFO - Dependencies all met for dep_context=non-requeueable deps ti=<TaskInstance: ELT-PROJECT.transform.raw_orders.run manual__2024-07-13T15:21:44.430274+00:00 [queued]>
[2024-07-13T15:22:14.527+0000] {taskinstance.py:2076} INFO - Dependencies all met for dep_context=requeueable deps ti=<TaskInstance: ELT-PROJECT.transform.raw_orders.run manual__2024-07-13T15:21:44.430274+00:00 [queued]>
[2024-07-13T15:22:14.531+0000] {taskinstance.py:2306} INFO - Starting attempt 1 of 2
[2024-07-13T15:22:14.600+0000] {taskinstance.py:2330} INFO - Executing <Task(DbtRunLocalOperator): transform.raw_orders.run> on 2024-07-13 15:21:44.430274+00:00
[2024-07-13T15:22:14.637+0000] {logging_mixin.py:188} WARNING - /home/airflow/.local/lib/python3.12/site-packages/airflow/task/task_runner/standard_task_runner.py:61 DeprecationWarning: This process (pid=1225) is multi-threaded, use of fork() may lead to deadlocks in the child.
[2024-07-13T15:22:14.626+0000] {standard_task_runner.py:90} INFO - Running: ['airflow', 'tasks', 'run', 'ELT-PROJECT', 'transform.raw_orders.run', 'manual__2024-07-13T15:21:44.430274+00:00', '--job-id', '430', '--raw', '--subdir', 'DAGS_FOLDER/elt.py', '--cfg-path', '/tmp/tmpftu1vm7k']
[2024-07-13T15:22:14.642+0000] {standard_task_runner.py:91} INFO - Job 430: Subtask transform.raw_orders.run
[2024-07-13T15:22:14.639+0000] {standard_task_runner.py:63} INFO - Started process 1248 to run task
[2024-07-13T15:22:14.735+0000] {logging_mixin.py:188} WARNING - /home/airflow/.local/lib/python3.12/site-packages/airflow/settings.py:195 DeprecationWarning: The sql_alchemy_conn option in [core] has been moved to the sql_alchemy_conn option in [database] - the old setting has been used, but please update your config.
[2024-07-13T15:22:14.890+0000] {task_command.py:426} INFO - Running <TaskInstance: ELT-PROJECT.transform.raw_orders.run manual__2024-07-13T15:21:44.430274+00:00 [running]> on host airflow-scheduler
[2024-07-13T15:22:15.233+0000] {taskinstance.py:2648} INFO - Exporting env vars: AIRFLOW_CTX_DAG_OWNER='Data-Ninja' AIRFLOW_CTX_DAG_ID='ELT-PROJECT' AIRFLOW_CTX_TASK_ID='transform.raw_orders.run' AIRFLOW_CTX_EXECUTION_DATE='2024-07-13T15:21:44.430274+00:00' AIRFLOW_CTX_TRY_NUMBER='1' AIRFLOW_CTX_DAG_RUN_ID='manual__2024-07-13T15:21:44.430274+00:00'
[2024-07-13T15:22:15.236+0000] {taskinstance.py:430} INFO - ::endgroup::
[2024-07-13T15:22:15.254+0000] {local.py:174} INFO - Could not import dbtRunner. Falling back to subprocess for invoking dbt.
[2024-07-13T15:22:15.259+0000] {local.py:292} INFO - Cloning project to writable temp directory /tmp/tmpfqndz4sk from /opt/airflow/dags/dbt/dbt_project
[2024-07-13T15:22:15.292+0000] {local.py:303} INFO - Partial parse is enabled and the latest partial parse file is /tmp/cosmos/ELT-PROJECT__transform/target/partial_parse.msgpack
[2024-07-13T15:22:15.452+0000] {base.py:84} INFO - Using connection ID 'snow_conn' for task execution.
[2024-07-13T15:22:15.464+0000] {crypto.py:82} WARNING - empty cryptography key - values will not be stored encrypted.
[2024-07-13T15:22:15.466+0000] {config.py:298} INFO - Profile caching is enable.
[2024-07-13T15:22:15.476+0000] {config.py:272} INFO - Profile found in cache using profile: /tmp/cosmos/profile/a0017dab0633177292578162811b91dcb9c56d6e54017e9660056cc364a762ad/profiles.yml.
[2024-07-13T15:22:15.478+0000] {local.py:247} INFO - Trying to run the command:
 ['/opt/airflow/dbt_venv/bin/dbt', 'deps', '--project-dir', '/tmp/tmpfqndz4sk', '--profiles-dir', '/tmp/cosmos/profile/a0017dab0633177292578162811b91dcb9c56d6e54017e9660056cc364a762ad', '--profile', 'dbt_project', '--target', 'dev']
From /tmp/tmpfqndz4sk
[2024-07-13T15:22:15.486+0000] {subprocess.py:60} INFO - Tmp dir root location: 
 /tmp
[2024-07-13T15:22:15.490+0000] {subprocess.py:73} INFO - Running command: ['/opt/airflow/dbt_venv/bin/dbt', 'deps', '--project-dir', '/tmp/tmpfqndz4sk', '--profiles-dir', '/tmp/cosmos/profile/a0017dab0633177292578162811b91dcb9c56d6e54017e9660056cc364a762ad', '--profile', 'dbt_project', '--target', 'dev']
[2024-07-13T15:22:15.553+0000] {subprocess.py:84} INFO - Command output:
[2024-07-13T15:22:24.804+0000] {subprocess.py:94} INFO - [0m15:22:24  Running with dbt=1.8.3
[2024-07-13T15:22:25.723+0000] {subprocess.py:94} INFO - [0m15:22:25  Updating lock file in file path: /tmp/tmpfqndz4sk/package-lock.yml
[2024-07-13T15:22:25.746+0000] {subprocess.py:94} INFO - [0m15:22:25  Installing dbt-labs/dbt_utils
[2024-07-13T15:22:26.333+0000] {subprocess.py:94} INFO - [0m15:22:26  Installed from version 0.8.6
[2024-07-13T15:22:26.335+0000] {subprocess.py:94} INFO - [0m15:22:26  Updated version available: 1.2.0
[2024-07-13T15:22:26.336+0000] {subprocess.py:94} INFO - [0m15:22:26
[2024-07-13T15:22:26.337+0000] {subprocess.py:94} INFO - [0m15:22:26  Updates available for packages: ['dbt-labs/dbt_utils']
[2024-07-13T15:22:26.339+0000] {subprocess.py:94} INFO - Update your versions in packages.yml, then run dbt deps
[2024-07-13T15:22:27.848+0000] {subprocess.py:98} INFO - Command exited with return code 0
[2024-07-13T15:22:27.851+0000] {local.py:254} INFO - Update your versions in packages.yml, then run dbt deps
[2024-07-13T15:22:27.853+0000] {local.py:247} INFO - Trying to run the command:
 ['/opt/airflow/dbt_venv/bin/dbt', 'run', '--models', 'raw_orders', '--project-dir', '/tmp/tmpfqndz4sk', '--profiles-dir', '/tmp/cosmos/profile/a0017dab0633177292578162811b91dcb9c56d6e54017e9660056cc364a762ad', '--profile', 'dbt_project', '--target', 'dev']
From /tmp/tmpfqndz4sk
[2024-07-13T15:22:27.855+0000] {subprocess.py:60} INFO - Tmp dir root location: 
 /tmp
[2024-07-13T15:22:27.857+0000] {subprocess.py:73} INFO - Running command: ['/opt/airflow/dbt_venv/bin/dbt', 'run', '--models', 'raw_orders', '--project-dir', '/tmp/tmpfqndz4sk', '--profiles-dir', '/tmp/cosmos/profile/a0017dab0633177292578162811b91dcb9c56d6e54017e9660056cc364a762ad', '--profile', 'dbt_project', '--target', 'dev']
[2024-07-13T15:22:27.930+0000] {subprocess.py:84} INFO - Command output:
[2024-07-13T15:22:37.849+0000] {subprocess.py:94} INFO - [0m15:22:37  Running with dbt=1.8.3
[2024-07-13T15:22:41.267+0000] {subprocess.py:94} INFO - [0m15:22:41  Registered adapter: snowflake=1.8.3
[2024-07-13T15:22:47.052+0000] {subprocess.py:94} INFO - [0m15:22:47  Found 20 models, 27 data tests, 11 sources, 684 macros
[2024-07-13T15:22:47.064+0000] {subprocess.py:94} INFO - [0m15:22:47
[2024-07-13T15:22:53.776+0000] {subprocess.py:94} INFO - [0m15:22:53  Concurrency: 1 threads (target='dev')
[2024-07-13T15:22:53.778+0000] {subprocess.py:94} INFO - [0m15:22:53
[2024-07-13T15:22:53.792+0000] {subprocess.py:94} INFO - [0m15:22:53  1 of 1 START sql table model raw.raw_orders .................................... [RUN]
[2024-07-13T15:22:55.681+0000] {subprocess.py:94} INFO - [0m15:22:55  1 of 1 ERROR creating sql table model raw.raw_orders ........................... [[31mERROR[0m in 1.89s]
[2024-07-13T15:22:55.688+0000] {subprocess.py:94} INFO - [0m15:22:55
[2024-07-13T15:22:55.689+0000] {subprocess.py:94} INFO - [0m15:22:55  Finished running 1 table model in 0 hours 0 minutes and 8.62 seconds (8.62s).
[2024-07-13T15:22:55.761+0000] {subprocess.py:94} INFO - [0m15:22:55
[2024-07-13T15:22:55.762+0000] {subprocess.py:94} INFO - [0m15:22:55  [31mCompleted with 1 error and 0 warnings:[0m
[2024-07-13T15:22:55.764+0000] {subprocess.py:94} INFO - [0m15:22:55
[2024-07-13T15:22:55.765+0000] {subprocess.py:94} INFO - [0m15:22:55    Database Error in model raw_orders (models/staging/raw_orders.sql)
[2024-07-13T15:22:55.766+0000] {subprocess.py:94} INFO -   100035 (22007): Timestamp 'NaN' is not recognized
[2024-07-13T15:22:55.768+0000] {subprocess.py:94} INFO -   compiled Code at target/run/dbt_project/models/staging/raw_orders.sql
[2024-07-13T15:22:55.769+0000] {subprocess.py:94} INFO - [0m15:22:55
[2024-07-13T15:22:55.770+0000] {subprocess.py:94} INFO - [0m15:22:55  Done. PASS=0 WARN=0 ERROR=1 SKIP=0 TOTAL=1
[2024-07-13T15:22:57.397+0000] {subprocess.py:98} INFO - Command exited with return code 1
[2024-07-13T15:22:57.399+0000] {local.py:254} INFO - [0m15:22:55  Done. PASS=0 WARN=0 ERROR=1 SKIP=0 TOTAL=1
[2024-07-13T15:22:58.572+0000] {local.py:196} WARNING - Artifact schema version: https://schemas.getdbt.com/dbt/manifest/v12.json is above dbt-ol supported version 7. This might cause errors.
[2024-07-13T15:22:58.573+0000] {local.py:196} WARNING - Artifact schema version: https://schemas.getdbt.com/dbt/run-results/v6.json is above dbt-ol supported version 5. This might cause errors.
[2024-07-13T15:22:58.580+0000] {local.py:349} INFO - Inlets: []
[2024-07-13T15:22:58.582+0000] {local.py:350} INFO - Outlets: []
[2024-07-13T15:22:58.584+0000] {dag.py:3096} INFO - Sync 1 DAGs
[2024-07-13T15:22:58.678+0000] {dag.py:3954} INFO - Setting next_dagrun for ELT-PROJECT to None, run_after=None
[2024-07-13T15:22:58.821+0000] {local.py:184} ERROR - [0m15:22:37  Running with dbt=1.8.3
[0m15:22:41  Registered adapter: snowflake=1.8.3
[0m15:22:47  Found 20 models, 27 data tests, 11 sources, 684 macros
[0m15:22:47
[0m15:22:53  Concurrency: 1 threads (target='dev')
[0m15:22:53
[0m15:22:53  1 of 1 START sql table model raw.raw_orders .................................... [RUN]
[0m15:22:55  1 of 1 ERROR creating sql table model raw.raw_orders ........................... [[31mERROR[0m in 1.89s]
[0m15:22:55
[0m15:22:55  Finished running 1 table model in 0 hours 0 minutes and 8.62 seconds (8.62s).
[0m15:22:55
[0m15:22:55  [31mCompleted with 1 error and 0 warnings:[0m
[0m15:22:55
[0m15:22:55    Database Error in model raw_orders (models/staging/raw_orders.sql)
  100035 (22007): Timestamp 'NaN' is not recognized
  compiled Code at target/run/dbt_project/models/staging/raw_orders.sql
[0m15:22:55
[0m15:22:55  Done. PASS=0 WARN=0 ERROR=1 SKIP=0 TOTAL=1
[2024-07-13T15:22:58.899+0000] {taskinstance.py:441} INFO - ::group::Post task execution logs
[2024-07-13T15:22:58.959+0000] {taskinstance.py:2905} ERROR - Task failed with exception
Traceback (most recent call last):
  File "/home/airflow/.local/lib/python3.12/site-packages/airflow/models/taskinstance.py", line 465, in _execute_task
    result = _execute_callable(context=context, **execute_callable_kwargs)
             ^^^^^^^^^^^^^^^^^^^^^^^^^^^^^^^^^^^^^^^^^^^^^^^^^^^^^^^^^^^^^
  File "/home/airflow/.local/lib/python3.12/site-packages/airflow/models/taskinstance.py", line 432, in _execute_callable
    return execute_callable(context=context, **execute_callable_kwargs)
           ^^^^^^^^^^^^^^^^^^^^^^^^^^^^^^^^^^^^^^^^^^^^^^^^^^^^^^^^^^^^
  File "/home/airflow/.local/lib/python3.12/site-packages/airflow/models/baseoperator.py", line 401, in wrapper
    return func(self, *args, **kwargs)
           ^^^^^^^^^^^^^^^^^^^^^^^^^^^
  File "/home/airflow/.local/lib/python3.12/site-packages/cosmos/operators/base.py", line 270, in execute
    self.build_and_run_cmd(context=context, cmd_flags=self.add_cmd_flags())
  File "/home/airflow/.local/lib/python3.12/site-packages/cosmos/operators/local.py", line 489, in build_and_run_cmd
    result = self.run_command(cmd=dbt_cmd, env=env, context=context)
             ^^^^^^^^^^^^^^^^^^^^^^^^^^^^^^^^^^^^^^^^^^^^^^^^^^^^^^^
  File "/home/airflow/.local/lib/python3.12/site-packages/cosmos/operators/local.py", line 359, in run_command
    self.handle_exception(result)
  File "/home/airflow/.local/lib/python3.12/site-packages/cosmos/operators/local.py", line 185, in handle_exception_subprocess
    raise AirflowException(f"dbt command failed. The command returned a non-zero exit code {result.exit_code}.")
airflow.exceptions.AirflowException: dbt command failed. The command returned a non-zero exit code 1.
[2024-07-13T15:22:58.998+0000] {taskinstance.py:1206} INFO - Marking task as UP_FOR_RETRY. dag_id=ELT-PROJECT, task_id=transform.raw_orders.run, run_id=manual__2024-07-13T15:21:44.430274+00:00, execution_date=20240713T152144, start_date=20240713T152214, end_date=20240713T152258
[2024-07-13T15:22:59.119+0000] {standard_task_runner.py:110} ERROR - Failed to execute job 430 for task transform.raw_orders.run (dbt command failed. The command returned a non-zero exit code 1.; 1248)
[2024-07-13T15:22:59.154+0000] {local_task_job_runner.py:240} INFO - Task exited with return code 1
[2024-07-13T15:22:59.184+0000] {local_task_job_runner.py:222} INFO - ::endgroup::
