[2024-07-13T15:15:13.944+0000] {local_task_job_runner.py:120} INFO - ::group::Pre task execution logs
[2024-07-13T15:15:14.032+0000] {taskinstance.py:2076} INFO - Dependencies all met for dep_context=non-requeueable deps ti=<TaskInstance: ELT-PROJECT.transform.raw_shippers.run manual__2024-07-13T15:14:34.532265+00:00 [queued]>
[2024-07-13T15:15:14.080+0000] {taskinstance.py:2076} INFO - Dependencies all met for dep_context=requeueable deps ti=<TaskInstance: ELT-PROJECT.transform.raw_shippers.run manual__2024-07-13T15:14:34.532265+00:00 [queued]>
[2024-07-13T15:15:14.082+0000] {taskinstance.py:2306} INFO - Starting attempt 1 of 2
[2024-07-13T15:15:14.130+0000] {taskinstance.py:2330} INFO - Executing <Task(DbtRunLocalOperator): transform.raw_shippers.run> on 2024-07-13 15:14:34.532265+00:00
[2024-07-13T15:15:14.151+0000] {logging_mixin.py:188} WARNING - /home/airflow/.local/lib/python3.12/site-packages/airflow/task/task_runner/standard_task_runner.py:61 DeprecationWarning: This process (pid=612) is multi-threaded, use of fork() may lead to deadlocks in the child.
[2024-07-13T15:15:14.157+0000] {standard_task_runner.py:63} INFO - Started process 627 to run task
[2024-07-13T15:15:14.158+0000] {standard_task_runner.py:90} INFO - Running: ['airflow', 'tasks', 'run', 'ELT-PROJECT', 'transform.raw_shippers.run', 'manual__2024-07-13T15:14:34.532265+00:00', '--job-id', '388', '--raw', '--subdir', 'DAGS_FOLDER/elt.py', '--cfg-path', '/tmp/tmpq63i1e5b']
[2024-07-13T15:15:14.165+0000] {standard_task_runner.py:91} INFO - Job 388: Subtask transform.raw_shippers.run
[2024-07-13T15:15:14.311+0000] {logging_mixin.py:188} WARNING - /home/airflow/.local/lib/python3.12/site-packages/airflow/settings.py:195 DeprecationWarning: The sql_alchemy_conn option in [core] has been moved to the sql_alchemy_conn option in [database] - the old setting has been used, but please update your config.
[2024-07-13T15:15:14.537+0000] {task_command.py:426} INFO - Running <TaskInstance: ELT-PROJECT.transform.raw_shippers.run manual__2024-07-13T15:14:34.532265+00:00 [running]> on host airflow-scheduler
[2024-07-13T15:15:14.862+0000] {taskinstance.py:2648} INFO - Exporting env vars: AIRFLOW_CTX_DAG_OWNER='Data-Ninja' AIRFLOW_CTX_DAG_ID='ELT-PROJECT' AIRFLOW_CTX_TASK_ID='transform.raw_shippers.run' AIRFLOW_CTX_EXECUTION_DATE='2024-07-13T15:14:34.532265+00:00' AIRFLOW_CTX_TRY_NUMBER='1' AIRFLOW_CTX_DAG_RUN_ID='manual__2024-07-13T15:14:34.532265+00:00'
[2024-07-13T15:15:14.869+0000] {taskinstance.py:430} INFO - ::endgroup::
[2024-07-13T15:15:14.878+0000] {local.py:174} INFO - Could not import dbtRunner. Falling back to subprocess for invoking dbt.
[2024-07-13T15:15:14.887+0000] {local.py:292} INFO - Cloning project to writable temp directory /tmp/tmpnqjtq2uh from /opt/airflow/dags/dbt/dbt_project
[2024-07-13T15:15:14.921+0000] {local.py:303} INFO - Partial parse is enabled and the latest partial parse file is /tmp/cosmos/ELT-PROJECT__transform/target/partial_parse.msgpack
[2024-07-13T15:15:15.019+0000] {base.py:84} INFO - Using connection ID 'snow_conn' for task execution.
[2024-07-13T15:15:15.024+0000] {crypto.py:82} WARNING - empty cryptography key - values will not be stored encrypted.
[2024-07-13T15:15:15.027+0000] {config.py:298} INFO - Profile caching is enable.
[2024-07-13T15:15:15.032+0000] {config.py:272} INFO - Profile found in cache using profile: /tmp/cosmos/profile/a0017dab0633177292578162811b91dcb9c56d6e54017e9660056cc364a762ad/profiles.yml.
[2024-07-13T15:15:15.035+0000] {local.py:247} INFO - Trying to run the command:
 ['/opt/airflow/dbt_venv/bin/dbt', 'deps', '--project-dir', '/tmp/tmpnqjtq2uh', '--profiles-dir', '/tmp/cosmos/profile/a0017dab0633177292578162811b91dcb9c56d6e54017e9660056cc364a762ad', '--profile', 'dbt_project', '--target', 'dev']
From /tmp/tmpnqjtq2uh
[2024-07-13T15:15:15.045+0000] {subprocess.py:60} INFO - Tmp dir root location: 
 /tmp
[2024-07-13T15:15:15.052+0000] {subprocess.py:73} INFO - Running command: ['/opt/airflow/dbt_venv/bin/dbt', 'deps', '--project-dir', '/tmp/tmpnqjtq2uh', '--profiles-dir', '/tmp/cosmos/profile/a0017dab0633177292578162811b91dcb9c56d6e54017e9660056cc364a762ad', '--profile', 'dbt_project', '--target', 'dev']
[2024-07-13T15:15:15.095+0000] {subprocess.py:84} INFO - Command output:
[2024-07-13T15:15:27.447+0000] {subprocess.py:94} INFO - [0m15:15:27  Running with dbt=1.8.3
[2024-07-13T15:15:28.519+0000] {subprocess.py:94} INFO - [0m15:15:28  Updating lock file in file path: /tmp/tmpnqjtq2uh/package-lock.yml
[2024-07-13T15:15:28.584+0000] {subprocess.py:94} INFO - [0m15:15:28  Installing dbt-labs/dbt_utils
[2024-07-13T15:15:29.437+0000] {subprocess.py:94} INFO - [0m15:15:29  Installed from version 0.8.6
[2024-07-13T15:15:29.440+0000] {subprocess.py:94} INFO - [0m15:15:29  Updated version available: 1.2.0
[2024-07-13T15:15:29.442+0000] {subprocess.py:94} INFO - [0m15:15:29
[2024-07-13T15:15:29.446+0000] {subprocess.py:94} INFO - [0m15:15:29  Updates available for packages: ['dbt-labs/dbt_utils']
[2024-07-13T15:15:29.450+0000] {subprocess.py:94} INFO - Update your versions in packages.yml, then run dbt deps
[2024-07-13T15:15:31.232+0000] {subprocess.py:98} INFO - Command exited with return code 0
[2024-07-13T15:15:31.239+0000] {local.py:254} INFO - Update your versions in packages.yml, then run dbt deps
[2024-07-13T15:15:31.241+0000] {local.py:247} INFO - Trying to run the command:
 ['/opt/airflow/dbt_venv/bin/dbt', 'run', '--models', 'raw_shippers', '--project-dir', '/tmp/tmpnqjtq2uh', '--profiles-dir', '/tmp/cosmos/profile/a0017dab0633177292578162811b91dcb9c56d6e54017e9660056cc364a762ad', '--profile', 'dbt_project', '--target', 'dev']
From /tmp/tmpnqjtq2uh
[2024-07-13T15:15:31.244+0000] {subprocess.py:60} INFO - Tmp dir root location: 
 /tmp
[2024-07-13T15:15:31.246+0000] {subprocess.py:73} INFO - Running command: ['/opt/airflow/dbt_venv/bin/dbt', 'run', '--models', 'raw_shippers', '--project-dir', '/tmp/tmpnqjtq2uh', '--profiles-dir', '/tmp/cosmos/profile/a0017dab0633177292578162811b91dcb9c56d6e54017e9660056cc364a762ad', '--profile', 'dbt_project', '--target', 'dev']
[2024-07-13T15:15:31.329+0000] {subprocess.py:84} INFO - Command output:
[2024-07-13T15:15:42.945+0000] {subprocess.py:94} INFO - [0m15:15:42  Running with dbt=1.8.3
[2024-07-13T15:15:47.489+0000] {subprocess.py:94} INFO - [0m15:15:47  Registered adapter: snowflake=1.8.3
[2024-07-13T15:15:51.215+0000] {subprocess.py:94} INFO - [0m15:15:51  Found 20 models, 27 data tests, 11 sources, 684 macros
[2024-07-13T15:15:51.225+0000] {subprocess.py:94} INFO - [0m15:15:51
[2024-07-13T15:15:58.825+0000] {subprocess.py:94} INFO - [0m15:15:58  Concurrency: 1 threads (target='dev')
[2024-07-13T15:15:58.826+0000] {subprocess.py:94} INFO - [0m15:15:58
[2024-07-13T15:15:58.839+0000] {subprocess.py:94} INFO - [0m15:15:58  1 of 1 START sql table model raw.raw_shippers .................................. [RUN]
[2024-07-13T15:16:01.507+0000] {subprocess.py:94} INFO - [0m15:16:01  1 of 1 ERROR creating sql table model raw.raw_shippers ......................... [[31mERROR[0m in 2.66s]
[2024-07-13T15:16:01.517+0000] {subprocess.py:94} INFO - [0m15:16:01
[2024-07-13T15:16:01.518+0000] {subprocess.py:94} INFO - [0m15:16:01  Finished running 1 table model in 0 hours 0 minutes and 10.29 seconds (10.29s).
[2024-07-13T15:16:01.722+0000] {subprocess.py:94} INFO - [0m15:16:01
[2024-07-13T15:16:01.724+0000] {subprocess.py:94} INFO - [0m15:16:01  [31mCompleted with 1 error and 0 warnings:[0m
[2024-07-13T15:16:01.726+0000] {subprocess.py:94} INFO - [0m15:16:01
[2024-07-13T15:16:01.728+0000] {subprocess.py:94} INFO - [0m15:16:01    Database Error in model raw_shippers (models/staging/raw_shippers.sql)
[2024-07-13T15:16:01.733+0000] {subprocess.py:94} INFO -   002003 (02000): SQL compilation error:
[2024-07-13T15:16:01.734+0000] {subprocess.py:94} INFO -   Database 'ELT_PROJECT' does not exist or not authorized.
[2024-07-13T15:16:01.736+0000] {subprocess.py:94} INFO -   compiled Code at target/run/dbt_project/models/staging/raw_shippers.sql
[2024-07-13T15:16:01.738+0000] {subprocess.py:94} INFO - [0m15:16:01
[2024-07-13T15:16:01.739+0000] {subprocess.py:94} INFO - [0m15:16:01  Done. PASS=0 WARN=0 ERROR=1 SKIP=0 TOTAL=1
[2024-07-13T15:16:03.467+0000] {subprocess.py:98} INFO - Command exited with return code 1
[2024-07-13T15:16:03.468+0000] {local.py:254} INFO - [0m15:16:01  Done. PASS=0 WARN=0 ERROR=1 SKIP=0 TOTAL=1
[2024-07-13T15:16:03.770+0000] {local.py:196} WARNING - Artifact schema version: https://schemas.getdbt.com/dbt/manifest/v12.json is above dbt-ol supported version 7. This might cause errors.
[2024-07-13T15:16:03.771+0000] {local.py:196} WARNING - Artifact schema version: https://schemas.getdbt.com/dbt/run-results/v6.json is above dbt-ol supported version 5. This might cause errors.
[2024-07-13T15:16:03.777+0000] {local.py:349} INFO - Inlets: []
[2024-07-13T15:16:03.779+0000] {local.py:350} INFO - Outlets: []
[2024-07-13T15:16:03.781+0000] {dag.py:3096} INFO - Sync 1 DAGs
[2024-07-13T15:16:03.826+0000] {dag.py:3954} INFO - Setting next_dagrun for ELT-PROJECT to None, run_after=None
[2024-07-13T15:16:03.867+0000] {local.py:184} ERROR - [0m15:15:42  Running with dbt=1.8.3
[0m15:15:47  Registered adapter: snowflake=1.8.3
[0m15:15:51  Found 20 models, 27 data tests, 11 sources, 684 macros
[0m15:15:51
[0m15:15:58  Concurrency: 1 threads (target='dev')
[0m15:15:58
[0m15:15:58  1 of 1 START sql table model raw.raw_shippers .................................. [RUN]
[0m15:16:01  1 of 1 ERROR creating sql table model raw.raw_shippers ......................... [[31mERROR[0m in 2.66s]
[0m15:16:01
[0m15:16:01  Finished running 1 table model in 0 hours 0 minutes and 10.29 seconds (10.29s).
[0m15:16:01
[0m15:16:01  [31mCompleted with 1 error and 0 warnings:[0m
[0m15:16:01
[0m15:16:01    Database Error in model raw_shippers (models/staging/raw_shippers.sql)
  002003 (02000): SQL compilation error:
  Database 'ELT_PROJECT' does not exist or not authorized.
  compiled Code at target/run/dbt_project/models/staging/raw_shippers.sql
[0m15:16:01
[0m15:16:01  Done. PASS=0 WARN=0 ERROR=1 SKIP=0 TOTAL=1
[2024-07-13T15:16:03.882+0000] {taskinstance.py:441} INFO - ::group::Post task execution logs
[2024-07-13T15:16:03.902+0000] {taskinstance.py:2905} ERROR - Task failed with exception
Traceback (most recent call last):
  File "/home/airflow/.local/lib/python3.12/site-packages/airflow/models/taskinstance.py", line 465, in _execute_task
    result = _execute_callable(context=context, **execute_callable_kwargs)
             ^^^^^^^^^^^^^^^^^^^^^^^^^^^^^^^^^^^^^^^^^^^^^^^^^^^^^^^^^^^^^
  File "/home/airflow/.local/lib/python3.12/site-packages/airflow/models/taskinstance.py", line 432, in _execute_callable
    return execute_callable(context=context, **execute_callable_kwargs)
           ^^^^^^^^^^^^^^^^^^^^^^^^^^^^^^^^^^^^^^^^^^^^^^^^^^^^^^^^^^^^
  File "/home/airflow/.local/lib/python3.12/site-packages/airflow/models/baseoperator.py", line 401, in wrapper
    return func(self, *args, **kwargs)
           ^^^^^^^^^^^^^^^^^^^^^^^^^^^
  File "/home/airflow/.local/lib/python3.12/site-packages/cosmos/operators/base.py", line 270, in execute
    self.build_and_run_cmd(context=context, cmd_flags=self.add_cmd_flags())
  File "/home/airflow/.local/lib/python3.12/site-packages/cosmos/operators/local.py", line 489, in build_and_run_cmd
    result = self.run_command(cmd=dbt_cmd, env=env, context=context)
             ^^^^^^^^^^^^^^^^^^^^^^^^^^^^^^^^^^^^^^^^^^^^^^^^^^^^^^^
  File "/home/airflow/.local/lib/python3.12/site-packages/cosmos/operators/local.py", line 359, in run_command
    self.handle_exception(result)
  File "/home/airflow/.local/lib/python3.12/site-packages/cosmos/operators/local.py", line 185, in handle_exception_subprocess
    raise AirflowException(f"dbt command failed. The command returned a non-zero exit code {result.exit_code}.")
airflow.exceptions.AirflowException: dbt command failed. The command returned a non-zero exit code 1.
[2024-07-13T15:16:03.909+0000] {taskinstance.py:1206} INFO - Marking task as UP_FOR_RETRY. dag_id=ELT-PROJECT, task_id=transform.raw_shippers.run, run_id=manual__2024-07-13T15:14:34.532265+00:00, execution_date=20240713T151434, start_date=20240713T151514, end_date=20240713T151603
[2024-07-13T15:16:03.934+0000] {standard_task_runner.py:110} ERROR - Failed to execute job 388 for task transform.raw_shippers.run (dbt command failed. The command returned a non-zero exit code 1.; 627)
[2024-07-13T15:16:03.967+0000] {local_task_job_runner.py:240} INFO - Task exited with return code 1
[2024-07-13T15:16:03.983+0000] {local_task_job_runner.py:222} INFO - ::endgroup::
