[2024-06-24T14:40:25.264+0000] {local_task_job_runner.py:120} INFO - ::group::Pre task execution logs
[2024-06-24T14:40:25.480+0000] {taskinstance.py:2076} INFO - Dependencies all met for dep_context=non-requeueable deps ti=<TaskInstance: ELT-PROJECT.transform.raw_categories.run manual__2024-06-24T14:38:58.078871+00:00 [queued]>
[2024-06-24T14:40:25.569+0000] {taskinstance.py:2076} INFO - Dependencies all met for dep_context=requeueable deps ti=<TaskInstance: ELT-PROJECT.transform.raw_categories.run manual__2024-06-24T14:38:58.078871+00:00 [queued]>
[2024-06-24T14:40:25.585+0000] {taskinstance.py:2306} INFO - Starting attempt 1 of 2
[2024-06-24T14:40:25.688+0000] {taskinstance.py:2330} INFO - Executing <Task(DbtRunLocalOperator): transform.raw_categories.run> on 2024-06-24 14:38:58.078871+00:00
[2024-06-24T14:40:25.776+0000] {standard_task_runner.py:90} INFO - Running: ['airflow', 'tasks', 'run', 'ELT-PROJECT', 'transform.raw_categories.run', 'manual__2024-06-24T14:38:58.078871+00:00', '--job-id', '214', '--raw', '--subdir', 'DAGS_FOLDER/elt.py', '--cfg-path', '/tmp/tmpeal7y8hc']
[2024-06-24T14:40:25.787+0000] {standard_task_runner.py:91} INFO - Job 214: Subtask transform.raw_categories.run
[2024-06-24T14:40:25.904+0000] {logging_mixin.py:188} WARNING - /home/airflow/.local/lib/python3.12/site-packages/airflow/task/task_runner/standard_task_runner.py:61 DeprecationWarning: This process (pid=2676) is multi-threaded, use of fork() may lead to deadlocks in the child.
[2024-06-24T14:40:25.922+0000] {standard_task_runner.py:63} INFO - Started process 2699 to run task
[2024-06-24T14:40:25.950+0000] {logging_mixin.py:188} WARNING - /home/airflow/.local/lib/python3.12/site-packages/airflow/settings.py:195 DeprecationWarning: The sql_alchemy_conn option in [core] has been moved to the sql_alchemy_conn option in [database] - the old setting has been used, but please update your config.
[2024-06-24T14:40:26.506+0000] {task_command.py:426} INFO - Running <TaskInstance: ELT-PROJECT.transform.raw_categories.run manual__2024-06-24T14:38:58.078871+00:00 [running]> on host airflow-scheduler
[2024-06-24T14:40:27.416+0000] {taskinstance.py:2648} INFO - Exporting env vars: AIRFLOW_CTX_DAG_OWNER='Data-Ninja' AIRFLOW_CTX_DAG_ID='ELT-PROJECT' AIRFLOW_CTX_TASK_ID='transform.raw_categories.run' AIRFLOW_CTX_EXECUTION_DATE='2024-06-24T14:38:58.078871+00:00' AIRFLOW_CTX_TRY_NUMBER='1' AIRFLOW_CTX_DAG_RUN_ID='manual__2024-06-24T14:38:58.078871+00:00'
[2024-06-24T14:40:27.433+0000] {taskinstance.py:430} INFO - ::endgroup::
[2024-06-24T14:40:27.489+0000] {local.py:174} INFO - Could not import dbtRunner. Falling back to subprocess for invoking dbt.
[2024-06-24T14:40:27.514+0000] {local.py:292} INFO - Cloning project to writable temp directory /tmp/tmp9qftmhs3 from /opt/airflow/dags/dbt/dbt_project
[2024-06-24T14:40:27.625+0000] {local.py:303} INFO - Partial parse is enabled and the latest partial parse file is /tmp/cosmos/ELT-PROJECT__transform/target/partial_parse.msgpack
[2024-06-24T14:40:27.938+0000] {base.py:84} INFO - Using connection ID 'snow_conn' for task execution.
[2024-06-24T14:40:27.956+0000] {crypto.py:82} WARNING - empty cryptography key - values will not be stored encrypted.
[2024-06-24T14:40:27.974+0000] {base.py:225} INFO - Using real values for profile dbt_project
[2024-06-24T14:40:28.070+0000] {config.py:291} INFO - Creating temporary profiles.yml with use_mock_values=False at /tmp/tmphhnfl8cn/profiles.yml with the following contents:
dbt_project:
    outputs:
        dev:
            account: sk84886.europe-west2.gcp
            database: ELT_PROJECT
            password: '{{ env_var(''COSMOS_CONN_SNOWFLAKE_PASSWORD'') }}'
            role: SYSADMIN
            schema: PUBLIC
            type: snowflake
            user: DATANINJA
            warehouse: TRANSFORM
    target: dev

[2024-06-24T14:40:28.072+0000] {local.py:247} INFO - Trying to run the command:
 ['/opt/airflow/dbt_venv/bin/dbt', 'deps', '--project-dir', '/tmp/tmp9qftmhs3', '--profiles-dir', '/tmp/tmphhnfl8cn', '--profile', 'dbt_project', '--target', 'dev']
From /tmp/tmp9qftmhs3
[2024-06-24T14:40:28.093+0000] {subprocess.py:60} INFO - Tmp dir root location: 
 /tmp
[2024-06-24T14:40:28.128+0000] {subprocess.py:73} INFO - Running command: ['/opt/airflow/dbt_venv/bin/dbt', 'deps', '--project-dir', '/tmp/tmp9qftmhs3', '--profiles-dir', '/tmp/tmphhnfl8cn', '--profile', 'dbt_project', '--target', 'dev']
[2024-06-24T14:40:28.259+0000] {subprocess.py:84} INFO - Command output:
[2024-06-24T14:40:46.422+0000] {subprocess.py:94} INFO - [0m14:40:46  Running with dbt=1.8.3
[2024-06-24T14:40:48.194+0000] {subprocess.py:94} INFO - [0m14:40:48  Updating lock file in file path: /tmp/tmp9qftmhs3/package-lock.yml
[2024-06-24T14:40:48.230+0000] {subprocess.py:94} INFO - [0m14:40:48  Installing dbt-labs/dbt_utils
[2024-06-24T14:40:48.863+0000] {subprocess.py:94} INFO - [0m14:40:48  Installed from version 0.8.6
[2024-06-24T14:40:48.865+0000] {subprocess.py:94} INFO - [0m14:40:48  Updated version available: 1.2.0
[2024-06-24T14:40:48.870+0000] {subprocess.py:94} INFO - [0m14:40:48
[2024-06-24T14:40:48.873+0000] {subprocess.py:94} INFO - [0m14:40:48  Updates available for packages: ['dbt-labs/dbt_utils']
[2024-06-24T14:40:48.874+0000] {subprocess.py:94} INFO - Update your versions in packages.yml, then run dbt deps
[2024-06-24T14:40:51.385+0000] {subprocess.py:98} INFO - Command exited with return code 0
[2024-06-24T14:40:51.397+0000] {local.py:254} INFO - Update your versions in packages.yml, then run dbt deps
[2024-06-24T14:40:51.413+0000] {local.py:247} INFO - Trying to run the command:
 ['/opt/airflow/dbt_venv/bin/dbt', 'run', '--models', 'raw_categories', '--project-dir', '/tmp/tmp9qftmhs3', '--profiles-dir', '/tmp/tmphhnfl8cn', '--profile', 'dbt_project', '--target', 'dev']
From /tmp/tmp9qftmhs3
[2024-06-24T14:40:51.415+0000] {subprocess.py:60} INFO - Tmp dir root location: 
 /tmp
[2024-06-24T14:40:51.417+0000] {subprocess.py:73} INFO - Running command: ['/opt/airflow/dbt_venv/bin/dbt', 'run', '--models', 'raw_categories', '--project-dir', '/tmp/tmp9qftmhs3', '--profiles-dir', '/tmp/tmphhnfl8cn', '--profile', 'dbt_project', '--target', 'dev']
[2024-06-24T14:40:51.515+0000] {subprocess.py:84} INFO - Command output:
[2024-06-24T14:41:10.748+0000] {subprocess.py:94} INFO - [0m14:41:10  Running with dbt=1.8.3
[2024-06-24T14:41:16.966+0000] {subprocess.py:94} INFO - [0m14:41:16  Registered adapter: snowflake=1.8.3
[2024-06-24T14:41:20.750+0000] {subprocess.py:94} INFO - [0m14:41:20  Encountered an error:
[2024-06-24T14:41:20.752+0000] {subprocess.py:94} INFO - [Errno 5] Input/output error: '/tmp/tmp9qftmhs3/models/warehouse/dim_employees.sql'
[2024-06-24T14:41:20.819+0000] {subprocess.py:94} INFO - [0m14:41:20  Traceback (most recent call last):
[2024-06-24T14:41:20.838+0000] {subprocess.py:94} INFO -   File "/opt/airflow/dbt_venv/lib/python3.12/site-packages/dbt/cli/requires.py", line 138, in wrapper
[2024-06-24T14:41:20.848+0000] {subprocess.py:94} INFO -     result, success = func(*args, **kwargs)
[2024-06-24T14:41:20.852+0000] {subprocess.py:94} INFO -                       ^^^^^^^^^^^^^^^^^^^^^
[2024-06-24T14:41:20.855+0000] {subprocess.py:94} INFO -   File "/opt/airflow/dbt_venv/lib/python3.12/site-packages/dbt/cli/requires.py", line 101, in wrapper
[2024-06-24T14:41:20.862+0000] {subprocess.py:94} INFO -     return func(*args, **kwargs)
[2024-06-24T14:41:20.874+0000] {subprocess.py:94} INFO -            ^^^^^^^^^^^^^^^^^^^^^
[2024-06-24T14:41:20.893+0000] {subprocess.py:94} INFO -   File "/opt/airflow/dbt_venv/lib/python3.12/site-packages/dbt/cli/requires.py", line 218, in wrapper
[2024-06-24T14:41:20.900+0000] {subprocess.py:94} INFO -     return func(*args, **kwargs)
[2024-06-24T14:41:20.904+0000] {subprocess.py:94} INFO -            ^^^^^^^^^^^^^^^^^^^^^
[2024-06-24T14:41:20.916+0000] {subprocess.py:94} INFO -   File "/opt/airflow/dbt_venv/lib/python3.12/site-packages/dbt/cli/requires.py", line 247, in wrapper
[2024-06-24T14:41:20.934+0000] {subprocess.py:94} INFO -     return func(*args, **kwargs)
[2024-06-24T14:41:20.936+0000] {subprocess.py:94} INFO -            ^^^^^^^^^^^^^^^^^^^^^
[2024-06-24T14:41:20.939+0000] {subprocess.py:94} INFO -   File "/opt/airflow/dbt_venv/lib/python3.12/site-packages/dbt/cli/requires.py", line 294, in wrapper
[2024-06-24T14:41:20.948+0000] {subprocess.py:94} INFO -     return func(*args, **kwargs)
[2024-06-24T14:41:20.957+0000] {subprocess.py:94} INFO -            ^^^^^^^^^^^^^^^^^^^^^
[2024-06-24T14:41:20.974+0000] {subprocess.py:94} INFO -   File "/opt/airflow/dbt_venv/lib/python3.12/site-packages/dbt/cli/requires.py", line 320, in wrapper
[2024-06-24T14:41:20.996+0000] {subprocess.py:94} INFO -     ctx.obj["manifest"] = parse_manifest(
[2024-06-24T14:41:21.005+0000] {subprocess.py:94} INFO -                           ^^^^^^^^^^^^^^^
[2024-06-24T14:41:21.013+0000] {subprocess.py:94} INFO -   File "/opt/airflow/dbt_venv/lib/python3.12/site-packages/dbt/parser/manifest.py", line 1898, in parse_manifest
[2024-06-24T14:41:21.023+0000] {subprocess.py:94} INFO -     manifest = ManifestLoader.get_full_manifest(
[2024-06-24T14:41:21.030+0000] {subprocess.py:94} INFO -                ^^^^^^^^^^^^^^^^^^^^^^^^^^^^^^^^^
[2024-06-24T14:41:21.038+0000] {subprocess.py:94} INFO -   File "/opt/airflow/dbt_venv/lib/python3.12/site-packages/dbt/parser/manifest.py", line 330, in get_full_manifest
[2024-06-24T14:41:21.044+0000] {subprocess.py:94} INFO -     manifest = loader.load()
[2024-06-24T14:41:21.050+0000] {subprocess.py:94} INFO -                ^^^^^^^^^^^^^
[2024-06-24T14:41:21.067+0000] {subprocess.py:94} INFO -   File "/opt/airflow/dbt_venv/lib/python3.12/site-packages/dbt/parser/manifest.py", line 377, in load
[2024-06-24T14:41:21.081+0000] {subprocess.py:94} INFO -     file_reader.read_files()
[2024-06-24T14:41:21.091+0000] {subprocess.py:94} INFO -   File "/opt/airflow/dbt_venv/lib/python3.12/site-packages/dbt/parser/read_files.py", line 210, in read_files
[2024-06-24T14:41:21.113+0000] {subprocess.py:94} INFO -     self.read_files_for_project(project, file_types)
[2024-06-24T14:41:21.126+0000] {subprocess.py:94} INFO -   File "/opt/airflow/dbt_venv/lib/python3.12/site-packages/dbt/parser/read_files.py", line 217, in read_files_for_project
[2024-06-24T14:41:21.163+0000] {subprocess.py:94} INFO -     project_files[file_type_info["parser"]] = read_files_for_parser(
[2024-06-24T14:41:21.181+0000] {subprocess.py:94} INFO -                                               ^^^^^^^^^^^^^^^^^^^^^^
[2024-06-24T14:41:21.221+0000] {subprocess.py:94} INFO -   File "/opt/airflow/dbt_venv/lib/python3.12/site-packages/dbt/parser/read_files.py", line 165, in read_files_for_parser
[2024-06-24T14:41:21.232+0000] {subprocess.py:94} INFO -     source_files = get_source_files(
[2024-06-24T14:41:21.234+0000] {subprocess.py:94} INFO -                    ^^^^^^^^^^^^^^^^^
[2024-06-24T14:41:21.238+0000] {subprocess.py:94} INFO -   File "/opt/airflow/dbt_venv/lib/python3.12/site-packages/dbt/parser/read_files.py", line 141, in get_source_files
[2024-06-24T14:41:21.247+0000] {subprocess.py:94} INFO -     fp_list = filesystem_search(project, paths, extension, ignore_spec)
[2024-06-24T14:41:21.259+0000] {subprocess.py:94} INFO -               ^^^^^^^^^^^^^^^^^^^^^^^^^^^^^^^^^^^^^^^^^^^^^^^^^^^^^^^^^
[2024-06-24T14:41:21.270+0000] {subprocess.py:94} INFO -   File "/opt/airflow/dbt_venv/lib/python3.12/site-packages/dbt/parser/search.py", line 74, in filesystem_search
[2024-06-24T14:41:21.273+0000] {subprocess.py:94} INFO -     for result in find_matching(root, relative_dirs, ext, ignore_spec):
[2024-06-24T14:41:21.276+0000] {subprocess.py:94} INFO -                   ^^^^^^^^^^^^^^^^^^^^^^^^^^^^^^^^^^^^^^^^^^^^^^^^^^^^
[2024-06-24T14:41:21.283+0000] {subprocess.py:94} INFO -   File "/opt/airflow/dbt_venv/lib/python3.12/site-packages/dbt_common/clients/system.py", line 127, in find_matching
[2024-06-24T14:41:21.287+0000] {subprocess.py:94} INFO -     modification_time = os.path.getmtime(absolute_path)
[2024-06-24T14:41:21.319+0000] {subprocess.py:94} INFO -                         ^^^^^^^^^^^^^^^^^^^^^^^^^^^^^^^
[2024-06-24T14:41:21.336+0000] {subprocess.py:94} INFO -   File "<frozen genericpath>", line 67, in getmtime
[2024-06-24T14:41:21.339+0000] {subprocess.py:94} INFO - OSError: [Errno 5] Input/output error: '/tmp/tmp9qftmhs3/models/warehouse/dim_employees.sql'
[2024-06-24T14:41:21.357+0000] {subprocess.py:94} INFO - 
[2024-06-24T14:41:24.042+0000] {subprocess.py:98} INFO - Command exited with return code 2
[2024-06-24T14:41:24.055+0000] {local.py:254} INFO - 
[2024-06-24T14:41:24.324+0000] {local.py:196} WARNING - Artifact schema version: https://schemas.getdbt.com/dbt/manifest/v12.json is above dbt-ol supported version 7. This might cause errors.
[2024-06-24T14:41:24.335+0000] {local.py:349} INFO - Inlets: []
[2024-06-24T14:41:24.340+0000] {local.py:350} INFO - Outlets: []
[2024-06-24T14:41:24.359+0000] {dag.py:3096} INFO - Sync 1 DAGs
[2024-06-24T14:41:27.112+0000] {dag.py:3954} INFO - Setting next_dagrun for ELT-PROJECT to None, run_after=None
[2024-06-24T14:41:27.233+0000] {local.py:184} ERROR - [0m14:41:10  Running with dbt=1.8.3
[0m14:41:16  Registered adapter: snowflake=1.8.3
[0m14:41:20  Encountered an error:
[Errno 5] Input/output error: '/tmp/tmp9qftmhs3/models/warehouse/dim_employees.sql'
[0m14:41:20  Traceback (most recent call last):
  File "/opt/airflow/dbt_venv/lib/python3.12/site-packages/dbt/cli/requires.py", line 138, in wrapper
    result, success = func(*args, **kwargs)
                      ^^^^^^^^^^^^^^^^^^^^^
  File "/opt/airflow/dbt_venv/lib/python3.12/site-packages/dbt/cli/requires.py", line 101, in wrapper
    return func(*args, **kwargs)
           ^^^^^^^^^^^^^^^^^^^^^
  File "/opt/airflow/dbt_venv/lib/python3.12/site-packages/dbt/cli/requires.py", line 218, in wrapper
    return func(*args, **kwargs)
           ^^^^^^^^^^^^^^^^^^^^^
  File "/opt/airflow/dbt_venv/lib/python3.12/site-packages/dbt/cli/requires.py", line 247, in wrapper
    return func(*args, **kwargs)
           ^^^^^^^^^^^^^^^^^^^^^
  File "/opt/airflow/dbt_venv/lib/python3.12/site-packages/dbt/cli/requires.py", line 294, in wrapper
    return func(*args, **kwargs)
           ^^^^^^^^^^^^^^^^^^^^^
  File "/opt/airflow/dbt_venv/lib/python3.12/site-packages/dbt/cli/requires.py", line 320, in wrapper
    ctx.obj["manifest"] = parse_manifest(
                          ^^^^^^^^^^^^^^^
  File "/opt/airflow/dbt_venv/lib/python3.12/site-packages/dbt/parser/manifest.py", line 1898, in parse_manifest
    manifest = ManifestLoader.get_full_manifest(
               ^^^^^^^^^^^^^^^^^^^^^^^^^^^^^^^^^
  File "/opt/airflow/dbt_venv/lib/python3.12/site-packages/dbt/parser/manifest.py", line 330, in get_full_manifest
    manifest = loader.load()
               ^^^^^^^^^^^^^
  File "/opt/airflow/dbt_venv/lib/python3.12/site-packages/dbt/parser/manifest.py", line 377, in load
    file_reader.read_files()
  File "/opt/airflow/dbt_venv/lib/python3.12/site-packages/dbt/parser/read_files.py", line 210, in read_files
    self.read_files_for_project(project, file_types)
  File "/opt/airflow/dbt_venv/lib/python3.12/site-packages/dbt/parser/read_files.py", line 217, in read_files_for_project
    project_files[file_type_info["parser"]] = read_files_for_parser(
                                              ^^^^^^^^^^^^^^^^^^^^^^
  File "/opt/airflow/dbt_venv/lib/python3.12/site-packages/dbt/parser/read_files.py", line 165, in read_files_for_parser
    source_files = get_source_files(
                   ^^^^^^^^^^^^^^^^^
  File "/opt/airflow/dbt_venv/lib/python3.12/site-packages/dbt/parser/read_files.py", line 141, in get_source_files
    fp_list = filesystem_search(project, paths, extension, ignore_spec)
              ^^^^^^^^^^^^^^^^^^^^^^^^^^^^^^^^^^^^^^^^^^^^^^^^^^^^^^^^^
  File "/opt/airflow/dbt_venv/lib/python3.12/site-packages/dbt/parser/search.py", line 74, in filesystem_search
    for result in find_matching(root, relative_dirs, ext, ignore_spec):
                  ^^^^^^^^^^^^^^^^^^^^^^^^^^^^^^^^^^^^^^^^^^^^^^^^^^^^
  File "/opt/airflow/dbt_venv/lib/python3.12/site-packages/dbt_common/clients/system.py", line 127, in find_matching
    modification_time = os.path.getmtime(absolute_path)
                        ^^^^^^^^^^^^^^^^^^^^^^^^^^^^^^^
  File "<frozen genericpath>", line 67, in getmtime
OSError: [Errno 5] Input/output error: '/tmp/tmp9qftmhs3/models/warehouse/dim_employees.sql'

[2024-06-24T14:41:27.284+0000] {taskinstance.py:441} INFO - ::group::Post task execution logs
[2024-06-24T14:41:27.322+0000] {taskinstance.py:2905} ERROR - Task failed with exception
Traceback (most recent call last):
  File "/home/airflow/.local/lib/python3.12/site-packages/airflow/models/taskinstance.py", line 465, in _execute_task
    result = _execute_callable(context=context, **execute_callable_kwargs)
             ^^^^^^^^^^^^^^^^^^^^^^^^^^^^^^^^^^^^^^^^^^^^^^^^^^^^^^^^^^^^^
  File "/home/airflow/.local/lib/python3.12/site-packages/airflow/models/taskinstance.py", line 432, in _execute_callable
    return execute_callable(context=context, **execute_callable_kwargs)
           ^^^^^^^^^^^^^^^^^^^^^^^^^^^^^^^^^^^^^^^^^^^^^^^^^^^^^^^^^^^^
  File "/home/airflow/.local/lib/python3.12/site-packages/airflow/models/baseoperator.py", line 401, in wrapper
    return func(self, *args, **kwargs)
           ^^^^^^^^^^^^^^^^^^^^^^^^^^^
  File "/home/airflow/.local/lib/python3.12/site-packages/cosmos/operators/base.py", line 264, in execute
    self.build_and_run_cmd(context=context, cmd_flags=self.add_cmd_flags())
  File "/home/airflow/.local/lib/python3.12/site-packages/cosmos/operators/local.py", line 489, in build_and_run_cmd
    result = self.run_command(cmd=dbt_cmd, env=env, context=context)
             ^^^^^^^^^^^^^^^^^^^^^^^^^^^^^^^^^^^^^^^^^^^^^^^^^^^^^^^
  File "/home/airflow/.local/lib/python3.12/site-packages/cosmos/operators/local.py", line 359, in run_command
    self.handle_exception(result)
  File "/home/airflow/.local/lib/python3.12/site-packages/cosmos/operators/local.py", line 185, in handle_exception_subprocess
    raise AirflowException(f"dbt command failed. The command returned a non-zero exit code {result.exit_code}.")
airflow.exceptions.AirflowException: dbt command failed. The command returned a non-zero exit code 2.
[2024-06-24T14:41:27.334+0000] {taskinstance.py:1206} INFO - Marking task as UP_FOR_RETRY. dag_id=ELT-PROJECT, task_id=transform.raw_categories.run, run_id=manual__2024-06-24T14:38:58.078871+00:00, execution_date=20240624T143858, start_date=20240624T144025, end_date=20240624T144127
[2024-06-24T14:41:27.369+0000] {standard_task_runner.py:110} ERROR - Failed to execute job 214 for task transform.raw_categories.run (dbt command failed. The command returned a non-zero exit code 2.; 2699)
[2024-06-24T14:41:27.458+0000] {local_task_job_runner.py:240} INFO - Task exited with return code 1
[2024-06-24T14:41:27.669+0000] {taskinstance.py:3503} INFO - 0 downstream tasks scheduled from follow-on schedule check
[2024-06-24T14:41:27.684+0000] {local_task_job_runner.py:222} INFO - ::endgroup::
