[2024-06-24T14:40:25.632+0000] {local_task_job_runner.py:120} INFO - ::group::Pre task execution logs
[2024-06-24T14:40:25.892+0000] {taskinstance.py:2076} INFO - Dependencies all met for dep_context=non-requeueable deps ti=<TaskInstance: ELT-PROJECT.transform.raw_suppliers.run manual__2024-06-24T14:38:58.078871+00:00 [queued]>
[2024-06-24T14:40:26.006+0000] {taskinstance.py:2076} INFO - Dependencies all met for dep_context=requeueable deps ti=<TaskInstance: ELT-PROJECT.transform.raw_suppliers.run manual__2024-06-24T14:38:58.078871+00:00 [queued]>
[2024-06-24T14:40:26.008+0000] {taskinstance.py:2306} INFO - Starting attempt 1 of 2
[2024-06-24T14:40:26.214+0000] {taskinstance.py:2330} INFO - Executing <Task(DbtRunLocalOperator): transform.raw_suppliers.run> on 2024-06-24 14:38:58.078871+00:00
[2024-06-24T14:40:26.383+0000] {logging_mixin.py:188} WARNING - /home/airflow/.local/lib/python3.12/site-packages/airflow/task/task_runner/standard_task_runner.py:61 DeprecationWarning: This process (pid=2673) is multi-threaded, use of fork() may lead to deadlocks in the child.
[2024-06-24T14:40:26.346+0000] {standard_task_runner.py:90} INFO - Running: ['airflow', 'tasks', 'run', 'ELT-PROJECT', 'transform.raw_suppliers.run', 'manual__2024-06-24T14:38:58.078871+00:00', '--job-id', '216', '--raw', '--subdir', 'DAGS_FOLDER/elt.py', '--cfg-path', '/tmp/tmpbgjvwavp']
[2024-06-24T14:40:26.403+0000] {standard_task_runner.py:91} INFO - Job 216: Subtask transform.raw_suppliers.run
[2024-06-24T14:40:26.386+0000] {standard_task_runner.py:63} INFO - Started process 2702 to run task
[2024-06-24T14:40:26.720+0000] {logging_mixin.py:188} WARNING - /home/airflow/.local/lib/python3.12/site-packages/airflow/settings.py:195 DeprecationWarning: The sql_alchemy_conn option in [core] has been moved to the sql_alchemy_conn option in [database] - the old setting has been used, but please update your config.
[2024-06-24T14:40:27.189+0000] {task_command.py:426} INFO - Running <TaskInstance: ELT-PROJECT.transform.raw_suppliers.run manual__2024-06-24T14:38:58.078871+00:00 [running]> on host airflow-scheduler
[2024-06-24T14:40:28.357+0000] {taskinstance.py:2648} INFO - Exporting env vars: AIRFLOW_CTX_DAG_OWNER='Data-Ninja' AIRFLOW_CTX_DAG_ID='ELT-PROJECT' AIRFLOW_CTX_TASK_ID='transform.raw_suppliers.run' AIRFLOW_CTX_EXECUTION_DATE='2024-06-24T14:38:58.078871+00:00' AIRFLOW_CTX_TRY_NUMBER='1' AIRFLOW_CTX_DAG_RUN_ID='manual__2024-06-24T14:38:58.078871+00:00'
[2024-06-24T14:40:28.376+0000] {taskinstance.py:430} INFO - ::endgroup::
[2024-06-24T14:40:28.392+0000] {local.py:174} INFO - Could not import dbtRunner. Falling back to subprocess for invoking dbt.
[2024-06-24T14:40:28.399+0000] {local.py:292} INFO - Cloning project to writable temp directory /tmp/tmp1_b7x5h5 from /opt/airflow/dags/dbt/dbt_project
[2024-06-24T14:40:28.446+0000] {local.py:303} INFO - Partial parse is enabled and the latest partial parse file is /tmp/cosmos/ELT-PROJECT__transform/target/partial_parse.msgpack
[2024-06-24T14:40:28.777+0000] {base.py:84} INFO - Using connection ID 'snow_conn' for task execution.
[2024-06-24T14:40:28.780+0000] {crypto.py:82} WARNING - empty cryptography key - values will not be stored encrypted.
[2024-06-24T14:40:28.815+0000] {base.py:225} INFO - Using real values for profile dbt_project
[2024-06-24T14:40:28.825+0000] {config.py:291} INFO - Creating temporary profiles.yml with use_mock_values=False at /tmp/tmp_54x4lbl/profiles.yml with the following contents:
dbt_project:
    outputs:
        dev:
            account: sk84886.europe-west2.gcp
            database: ELT_PROJECT
            password: '{{ env_var(''COSMOS_CONN_SNOWFLAKE_PASSWORD'') }}'
            role: SYSADMIN
            schema: PUBLIC
            type: snowflake
            user: DATANINJA
            warehouse: TRANSFORM
    target: dev

[2024-06-24T14:40:28.831+0000] {local.py:247} INFO - Trying to run the command:
 ['/opt/airflow/dbt_venv/bin/dbt', 'deps', '--project-dir', '/tmp/tmp1_b7x5h5', '--profiles-dir', '/tmp/tmp_54x4lbl', '--profile', 'dbt_project', '--target', 'dev']
From /tmp/tmp1_b7x5h5
[2024-06-24T14:40:28.834+0000] {subprocess.py:60} INFO - Tmp dir root location: 
 /tmp
[2024-06-24T14:40:28.838+0000] {subprocess.py:73} INFO - Running command: ['/opt/airflow/dbt_venv/bin/dbt', 'deps', '--project-dir', '/tmp/tmp1_b7x5h5', '--profiles-dir', '/tmp/tmp_54x4lbl', '--profile', 'dbt_project', '--target', 'dev']
[2024-06-24T14:40:29.039+0000] {subprocess.py:84} INFO - Command output:
[2024-06-24T14:40:45.633+0000] {subprocess.py:94} INFO - [0m14:40:45  Running with dbt=1.8.3
[2024-06-24T14:40:47.593+0000] {subprocess.py:94} INFO - [0m14:40:47  Updating lock file in file path: /tmp/tmp1_b7x5h5/package-lock.yml
[2024-06-24T14:40:47.645+0000] {subprocess.py:94} INFO - [0m14:40:47  Installing dbt-labs/dbt_utils
[2024-06-24T14:40:48.530+0000] {subprocess.py:94} INFO - [0m14:40:48  Installed from version 0.8.6
[2024-06-24T14:40:48.532+0000] {subprocess.py:94} INFO - [0m14:40:48  Updated version available: 1.2.0
[2024-06-24T14:40:48.539+0000] {subprocess.py:94} INFO - [0m14:40:48
[2024-06-24T14:40:48.541+0000] {subprocess.py:94} INFO - [0m14:40:48  Updates available for packages: ['dbt-labs/dbt_utils']
[2024-06-24T14:40:48.542+0000] {subprocess.py:94} INFO - Update your versions in packages.yml, then run dbt deps
[2024-06-24T14:40:51.019+0000] {subprocess.py:98} INFO - Command exited with return code 0
[2024-06-24T14:40:51.034+0000] {local.py:254} INFO - Update your versions in packages.yml, then run dbt deps
[2024-06-24T14:40:51.037+0000] {local.py:247} INFO - Trying to run the command:
 ['/opt/airflow/dbt_venv/bin/dbt', 'run', '--models', 'raw_suppliers', '--project-dir', '/tmp/tmp1_b7x5h5', '--profiles-dir', '/tmp/tmp_54x4lbl', '--profile', 'dbt_project', '--target', 'dev']
From /tmp/tmp1_b7x5h5
[2024-06-24T14:40:51.055+0000] {subprocess.py:60} INFO - Tmp dir root location: 
 /tmp
[2024-06-24T14:40:51.065+0000] {subprocess.py:73} INFO - Running command: ['/opt/airflow/dbt_venv/bin/dbt', 'run', '--models', 'raw_suppliers', '--project-dir', '/tmp/tmp1_b7x5h5', '--profiles-dir', '/tmp/tmp_54x4lbl', '--profile', 'dbt_project', '--target', 'dev']
[2024-06-24T14:40:51.175+0000] {subprocess.py:84} INFO - Command output:
[2024-06-24T14:41:10.411+0000] {subprocess.py:94} INFO - [0m14:41:10  Running with dbt=1.8.3
[2024-06-24T14:41:16.073+0000] {subprocess.py:94} INFO - [0m14:41:16  Registered adapter: snowflake=1.8.3
[2024-06-24T14:41:19.391+0000] {subprocess.py:94} INFO - [0m14:41:19  Encountered an error:
[2024-06-24T14:41:19.396+0000] {subprocess.py:94} INFO - [Errno 5] Input/output error: '/tmp/tmp1_b7x5h5/models/marts/gross_revenue.sql'
[2024-06-24T14:41:19.423+0000] {subprocess.py:94} INFO - [0m14:41:19  Traceback (most recent call last):
[2024-06-24T14:41:19.425+0000] {subprocess.py:94} INFO -   File "/opt/airflow/dbt_venv/lib/python3.12/site-packages/dbt/cli/requires.py", line 138, in wrapper
[2024-06-24T14:41:19.428+0000] {subprocess.py:94} INFO -     result, success = func(*args, **kwargs)
[2024-06-24T14:41:19.431+0000] {subprocess.py:94} INFO -                       ^^^^^^^^^^^^^^^^^^^^^
[2024-06-24T14:41:19.439+0000] {subprocess.py:94} INFO -   File "/opt/airflow/dbt_venv/lib/python3.12/site-packages/dbt/cli/requires.py", line 101, in wrapper
[2024-06-24T14:41:19.443+0000] {subprocess.py:94} INFO -     return func(*args, **kwargs)
[2024-06-24T14:41:19.463+0000] {subprocess.py:94} INFO -            ^^^^^^^^^^^^^^^^^^^^^
[2024-06-24T14:41:19.486+0000] {subprocess.py:94} INFO -   File "/opt/airflow/dbt_venv/lib/python3.12/site-packages/dbt/cli/requires.py", line 218, in wrapper
[2024-06-24T14:41:19.497+0000] {subprocess.py:94} INFO -     return func(*args, **kwargs)
[2024-06-24T14:41:19.513+0000] {subprocess.py:94} INFO -            ^^^^^^^^^^^^^^^^^^^^^
[2024-06-24T14:41:19.531+0000] {subprocess.py:94} INFO -   File "/opt/airflow/dbt_venv/lib/python3.12/site-packages/dbt/cli/requires.py", line 247, in wrapper
[2024-06-24T14:41:19.559+0000] {subprocess.py:94} INFO -     return func(*args, **kwargs)
[2024-06-24T14:41:19.568+0000] {subprocess.py:94} INFO -            ^^^^^^^^^^^^^^^^^^^^^
[2024-06-24T14:41:19.577+0000] {subprocess.py:94} INFO -   File "/opt/airflow/dbt_venv/lib/python3.12/site-packages/dbt/cli/requires.py", line 294, in wrapper
[2024-06-24T14:41:19.583+0000] {subprocess.py:94} INFO -     return func(*args, **kwargs)
[2024-06-24T14:41:19.591+0000] {subprocess.py:94} INFO -            ^^^^^^^^^^^^^^^^^^^^^
[2024-06-24T14:41:19.599+0000] {subprocess.py:94} INFO -   File "/opt/airflow/dbt_venv/lib/python3.12/site-packages/dbt/cli/requires.py", line 320, in wrapper
[2024-06-24T14:41:19.616+0000] {subprocess.py:94} INFO -     ctx.obj["manifest"] = parse_manifest(
[2024-06-24T14:41:19.671+0000] {subprocess.py:94} INFO -                           ^^^^^^^^^^^^^^^
[2024-06-24T14:41:19.678+0000] {subprocess.py:94} INFO -   File "/opt/airflow/dbt_venv/lib/python3.12/site-packages/dbt/parser/manifest.py", line 1898, in parse_manifest
[2024-06-24T14:41:19.691+0000] {subprocess.py:94} INFO -     manifest = ManifestLoader.get_full_manifest(
[2024-06-24T14:41:19.697+0000] {subprocess.py:94} INFO -                ^^^^^^^^^^^^^^^^^^^^^^^^^^^^^^^^^
[2024-06-24T14:41:19.720+0000] {subprocess.py:94} INFO -   File "/opt/airflow/dbt_venv/lib/python3.12/site-packages/dbt/parser/manifest.py", line 330, in get_full_manifest
[2024-06-24T14:41:19.741+0000] {subprocess.py:94} INFO -     manifest = loader.load()
[2024-06-24T14:41:19.750+0000] {subprocess.py:94} INFO -                ^^^^^^^^^^^^^
[2024-06-24T14:41:19.761+0000] {subprocess.py:94} INFO -   File "/opt/airflow/dbt_venv/lib/python3.12/site-packages/dbt/parser/manifest.py", line 377, in load
[2024-06-24T14:41:19.779+0000] {subprocess.py:94} INFO -     file_reader.read_files()
[2024-06-24T14:41:19.798+0000] {subprocess.py:94} INFO -   File "/opt/airflow/dbt_venv/lib/python3.12/site-packages/dbt/parser/read_files.py", line 210, in read_files
[2024-06-24T14:41:19.803+0000] {subprocess.py:94} INFO -     self.read_files_for_project(project, file_types)
[2024-06-24T14:41:19.811+0000] {subprocess.py:94} INFO -   File "/opt/airflow/dbt_venv/lib/python3.12/site-packages/dbt/parser/read_files.py", line 217, in read_files_for_project
[2024-06-24T14:41:19.830+0000] {subprocess.py:94} INFO -     project_files[file_type_info["parser"]] = read_files_for_parser(
[2024-06-24T14:41:19.884+0000] {subprocess.py:94} INFO -                                               ^^^^^^^^^^^^^^^^^^^^^^
[2024-06-24T14:41:19.898+0000] {subprocess.py:94} INFO -   File "/opt/airflow/dbt_venv/lib/python3.12/site-packages/dbt/parser/read_files.py", line 165, in read_files_for_parser
[2024-06-24T14:41:19.933+0000] {subprocess.py:94} INFO -     source_files = get_source_files(
[2024-06-24T14:41:19.948+0000] {subprocess.py:94} INFO -                    ^^^^^^^^^^^^^^^^^
[2024-06-24T14:41:20.016+0000] {subprocess.py:94} INFO -   File "/opt/airflow/dbt_venv/lib/python3.12/site-packages/dbt/parser/read_files.py", line 154, in get_source_files
[2024-06-24T14:41:20.018+0000] {subprocess.py:94} INFO -     file = load_source_file(fp, parse_file_type, project.project_name, saved_files)
[2024-06-24T14:41:20.096+0000] {subprocess.py:94} INFO -            ^^^^^^^^^^^^^^^^^^^^^^^^^^^^^^^^^^^^^^^^^^^^^^^^^^^^^^^^^^^^^^^^^^^^^^^^
[2024-06-24T14:41:20.106+0000] {subprocess.py:94} INFO -   File "/opt/airflow/dbt_venv/lib/python3.12/site-packages/dbt/parser/read_files.py", line 82, in load_source_file
[2024-06-24T14:41:20.130+0000] {subprocess.py:94} INFO -     file_contents = load_file_contents(path.absolute_path, strip=True)
[2024-06-24T14:41:20.136+0000] {subprocess.py:94} INFO -                     ^^^^^^^^^^^^^^^^^^^^^^^^^^^^^^^^^^^^^^^^^^^^^^^^^^
[2024-06-24T14:41:20.140+0000] {subprocess.py:94} INFO -   File "/opt/airflow/dbt_venv/lib/python3.12/site-packages/dbt_common/clients/system.py", line 173, in load_file_contents
[2024-06-24T14:41:20.143+0000] {subprocess.py:94} INFO -     with open(path, "rb") as handle:
[2024-06-24T14:41:20.151+0000] {subprocess.py:94} INFO -          ^^^^^^^^^^^^^^^^
[2024-06-24T14:41:20.172+0000] {subprocess.py:94} INFO - OSError: [Errno 5] Input/output error: '/tmp/tmp1_b7x5h5/models/marts/gross_revenue.sql'
[2024-06-24T14:41:20.191+0000] {subprocess.py:94} INFO - 
[2024-06-24T14:41:22.356+0000] {subprocess.py:98} INFO - Command exited with return code 2
[2024-06-24T14:41:22.360+0000] {local.py:254} INFO - 
[2024-06-24T14:41:22.617+0000] {local.py:196} WARNING - Artifact schema version: https://schemas.getdbt.com/dbt/manifest/v12.json is above dbt-ol supported version 7. This might cause errors.
[2024-06-24T14:41:22.644+0000] {local.py:349} INFO - Inlets: []
[2024-06-24T14:41:22.655+0000] {local.py:350} INFO - Outlets: []
[2024-06-24T14:41:22.676+0000] {dag.py:3096} INFO - Sync 1 DAGs
[2024-06-24T14:41:24.730+0000] {dag.py:3954} INFO - Setting next_dagrun for ELT-PROJECT to None, run_after=None
[2024-06-24T14:41:24.877+0000] {local.py:184} ERROR - [0m14:41:10  Running with dbt=1.8.3
[0m14:41:16  Registered adapter: snowflake=1.8.3
[0m14:41:19  Encountered an error:
[Errno 5] Input/output error: '/tmp/tmp1_b7x5h5/models/marts/gross_revenue.sql'
[0m14:41:19  Traceback (most recent call last):
  File "/opt/airflow/dbt_venv/lib/python3.12/site-packages/dbt/cli/requires.py", line 138, in wrapper
    result, success = func(*args, **kwargs)
                      ^^^^^^^^^^^^^^^^^^^^^
  File "/opt/airflow/dbt_venv/lib/python3.12/site-packages/dbt/cli/requires.py", line 101, in wrapper
    return func(*args, **kwargs)
           ^^^^^^^^^^^^^^^^^^^^^
  File "/opt/airflow/dbt_venv/lib/python3.12/site-packages/dbt/cli/requires.py", line 218, in wrapper
    return func(*args, **kwargs)
           ^^^^^^^^^^^^^^^^^^^^^
  File "/opt/airflow/dbt_venv/lib/python3.12/site-packages/dbt/cli/requires.py", line 247, in wrapper
    return func(*args, **kwargs)
           ^^^^^^^^^^^^^^^^^^^^^
  File "/opt/airflow/dbt_venv/lib/python3.12/site-packages/dbt/cli/requires.py", line 294, in wrapper
    return func(*args, **kwargs)
           ^^^^^^^^^^^^^^^^^^^^^
  File "/opt/airflow/dbt_venv/lib/python3.12/site-packages/dbt/cli/requires.py", line 320, in wrapper
    ctx.obj["manifest"] = parse_manifest(
                          ^^^^^^^^^^^^^^^
  File "/opt/airflow/dbt_venv/lib/python3.12/site-packages/dbt/parser/manifest.py", line 1898, in parse_manifest
    manifest = ManifestLoader.get_full_manifest(
               ^^^^^^^^^^^^^^^^^^^^^^^^^^^^^^^^^
  File "/opt/airflow/dbt_venv/lib/python3.12/site-packages/dbt/parser/manifest.py", line 330, in get_full_manifest
    manifest = loader.load()
               ^^^^^^^^^^^^^
  File "/opt/airflow/dbt_venv/lib/python3.12/site-packages/dbt/parser/manifest.py", line 377, in load
    file_reader.read_files()
  File "/opt/airflow/dbt_venv/lib/python3.12/site-packages/dbt/parser/read_files.py", line 210, in read_files
    self.read_files_for_project(project, file_types)
  File "/opt/airflow/dbt_venv/lib/python3.12/site-packages/dbt/parser/read_files.py", line 217, in read_files_for_project
    project_files[file_type_info["parser"]] = read_files_for_parser(
                                              ^^^^^^^^^^^^^^^^^^^^^^
  File "/opt/airflow/dbt_venv/lib/python3.12/site-packages/dbt/parser/read_files.py", line 165, in read_files_for_parser
    source_files = get_source_files(
                   ^^^^^^^^^^^^^^^^^
  File "/opt/airflow/dbt_venv/lib/python3.12/site-packages/dbt/parser/read_files.py", line 154, in get_source_files
    file = load_source_file(fp, parse_file_type, project.project_name, saved_files)
           ^^^^^^^^^^^^^^^^^^^^^^^^^^^^^^^^^^^^^^^^^^^^^^^^^^^^^^^^^^^^^^^^^^^^^^^^
  File "/opt/airflow/dbt_venv/lib/python3.12/site-packages/dbt/parser/read_files.py", line 82, in load_source_file
    file_contents = load_file_contents(path.absolute_path, strip=True)
                    ^^^^^^^^^^^^^^^^^^^^^^^^^^^^^^^^^^^^^^^^^^^^^^^^^^
  File "/opt/airflow/dbt_venv/lib/python3.12/site-packages/dbt_common/clients/system.py", line 173, in load_file_contents
    with open(path, "rb") as handle:
         ^^^^^^^^^^^^^^^^
OSError: [Errno 5] Input/output error: '/tmp/tmp1_b7x5h5/models/marts/gross_revenue.sql'

[2024-06-24T14:41:24.959+0000] {taskinstance.py:441} INFO - ::group::Post task execution logs
[2024-06-24T14:41:25.015+0000] {taskinstance.py:2905} ERROR - Task failed with exception
Traceback (most recent call last):
  File "/home/airflow/.local/lib/python3.12/site-packages/airflow/models/taskinstance.py", line 465, in _execute_task
    result = _execute_callable(context=context, **execute_callable_kwargs)
             ^^^^^^^^^^^^^^^^^^^^^^^^^^^^^^^^^^^^^^^^^^^^^^^^^^^^^^^^^^^^^
  File "/home/airflow/.local/lib/python3.12/site-packages/airflow/models/taskinstance.py", line 432, in _execute_callable
    return execute_callable(context=context, **execute_callable_kwargs)
           ^^^^^^^^^^^^^^^^^^^^^^^^^^^^^^^^^^^^^^^^^^^^^^^^^^^^^^^^^^^^
  File "/home/airflow/.local/lib/python3.12/site-packages/airflow/models/baseoperator.py", line 401, in wrapper
    return func(self, *args, **kwargs)
           ^^^^^^^^^^^^^^^^^^^^^^^^^^^
  File "/home/airflow/.local/lib/python3.12/site-packages/cosmos/operators/base.py", line 264, in execute
    self.build_and_run_cmd(context=context, cmd_flags=self.add_cmd_flags())
  File "/home/airflow/.local/lib/python3.12/site-packages/cosmos/operators/local.py", line 489, in build_and_run_cmd
    result = self.run_command(cmd=dbt_cmd, env=env, context=context)
             ^^^^^^^^^^^^^^^^^^^^^^^^^^^^^^^^^^^^^^^^^^^^^^^^^^^^^^^
  File "/home/airflow/.local/lib/python3.12/site-packages/cosmos/operators/local.py", line 359, in run_command
    self.handle_exception(result)
  File "/home/airflow/.local/lib/python3.12/site-packages/cosmos/operators/local.py", line 185, in handle_exception_subprocess
    raise AirflowException(f"dbt command failed. The command returned a non-zero exit code {result.exit_code}.")
airflow.exceptions.AirflowException: dbt command failed. The command returned a non-zero exit code 2.
[2024-06-24T14:41:25.037+0000] {taskinstance.py:1206} INFO - Marking task as UP_FOR_RETRY. dag_id=ELT-PROJECT, task_id=transform.raw_suppliers.run, run_id=manual__2024-06-24T14:38:58.078871+00:00, execution_date=20240624T143858, start_date=20240624T144025, end_date=20240624T144125
[2024-06-24T14:41:25.092+0000] {standard_task_runner.py:110} ERROR - Failed to execute job 216 for task transform.raw_suppliers.run (dbt command failed. The command returned a non-zero exit code 2.; 2702)
[2024-06-24T14:41:25.195+0000] {local_task_job_runner.py:240} INFO - Task exited with return code 1
[2024-06-24T14:41:25.363+0000] {taskinstance.py:3503} INFO - 0 downstream tasks scheduled from follow-on schedule check
[2024-06-24T14:41:25.369+0000] {local_task_job_runner.py:222} INFO - ::endgroup::
