[2024-07-13T15:15:13.838+0000] {local_task_job_runner.py:120} INFO - ::group::Pre task execution logs
[2024-07-13T15:15:13.976+0000] {taskinstance.py:2076} INFO - Dependencies all met for dep_context=non-requeueable deps ti=<TaskInstance: ELT-PROJECT.transform.raw_orders.run manual__2024-07-13T15:14:34.532265+00:00 [queued]>
[2024-07-13T15:15:14.034+0000] {taskinstance.py:2076} INFO - Dependencies all met for dep_context=requeueable deps ti=<TaskInstance: ELT-PROJECT.transform.raw_orders.run manual__2024-07-13T15:14:34.532265+00:00 [queued]>
[2024-07-13T15:15:14.040+0000] {taskinstance.py:2306} INFO - Starting attempt 1 of 2
[2024-07-13T15:15:14.102+0000] {taskinstance.py:2330} INFO - Executing <Task(DbtRunLocalOperator): transform.raw_orders.run> on 2024-07-13 15:14:34.532265+00:00
[2024-07-13T15:15:14.117+0000] {logging_mixin.py:188} WARNING - /home/airflow/.local/lib/python3.12/site-packages/airflow/task/task_runner/standard_task_runner.py:61 DeprecationWarning: This process (pid=606) is multi-threaded, use of fork() may lead to deadlocks in the child.
[2024-07-13T15:15:14.121+0000] {standard_task_runner.py:63} INFO - Started process 626 to run task
[2024-07-13T15:15:14.124+0000] {standard_task_runner.py:90} INFO - Running: ['airflow', 'tasks', 'run', 'ELT-PROJECT', 'transform.raw_orders.run', 'manual__2024-07-13T15:14:34.532265+00:00', '--job-id', '387', '--raw', '--subdir', 'DAGS_FOLDER/elt.py', '--cfg-path', '/tmp/tmp3ju89bex']
[2024-07-13T15:15:14.130+0000] {standard_task_runner.py:91} INFO - Job 387: Subtask transform.raw_orders.run
[2024-07-13T15:15:14.191+0000] {logging_mixin.py:188} WARNING - /home/airflow/.local/lib/python3.12/site-packages/airflow/settings.py:195 DeprecationWarning: The sql_alchemy_conn option in [core] has been moved to the sql_alchemy_conn option in [database] - the old setting has been used, but please update your config.
[2024-07-13T15:15:14.507+0000] {task_command.py:426} INFO - Running <TaskInstance: ELT-PROJECT.transform.raw_orders.run manual__2024-07-13T15:14:34.532265+00:00 [running]> on host airflow-scheduler
[2024-07-13T15:15:14.842+0000] {taskinstance.py:2648} INFO - Exporting env vars: AIRFLOW_CTX_DAG_OWNER='Data-Ninja' AIRFLOW_CTX_DAG_ID='ELT-PROJECT' AIRFLOW_CTX_TASK_ID='transform.raw_orders.run' AIRFLOW_CTX_EXECUTION_DATE='2024-07-13T15:14:34.532265+00:00' AIRFLOW_CTX_TRY_NUMBER='1' AIRFLOW_CTX_DAG_RUN_ID='manual__2024-07-13T15:14:34.532265+00:00'
[2024-07-13T15:15:14.849+0000] {taskinstance.py:430} INFO - ::endgroup::
[2024-07-13T15:15:14.859+0000] {local.py:174} INFO - Could not import dbtRunner. Falling back to subprocess for invoking dbt.
[2024-07-13T15:15:14.871+0000] {local.py:292} INFO - Cloning project to writable temp directory /tmp/tmp4jrld1dg from /opt/airflow/dags/dbt/dbt_project
[2024-07-13T15:15:14.913+0000] {local.py:303} INFO - Partial parse is enabled and the latest partial parse file is /tmp/cosmos/ELT-PROJECT__transform/target/partial_parse.msgpack
[2024-07-13T15:15:15.014+0000] {base.py:84} INFO - Using connection ID 'snow_conn' for task execution.
[2024-07-13T15:15:15.016+0000] {crypto.py:82} WARNING - empty cryptography key - values will not be stored encrypted.
[2024-07-13T15:15:15.024+0000] {config.py:298} INFO - Profile caching is enable.
[2024-07-13T15:15:15.029+0000] {config.py:272} INFO - Profile found in cache using profile: /tmp/cosmos/profile/a0017dab0633177292578162811b91dcb9c56d6e54017e9660056cc364a762ad/profiles.yml.
[2024-07-13T15:15:15.031+0000] {local.py:247} INFO - Trying to run the command:
 ['/opt/airflow/dbt_venv/bin/dbt', 'deps', '--project-dir', '/tmp/tmp4jrld1dg', '--profiles-dir', '/tmp/cosmos/profile/a0017dab0633177292578162811b91dcb9c56d6e54017e9660056cc364a762ad', '--profile', 'dbt_project', '--target', 'dev']
From /tmp/tmp4jrld1dg
[2024-07-13T15:15:15.044+0000] {subprocess.py:60} INFO - Tmp dir root location: 
 /tmp
[2024-07-13T15:15:15.048+0000] {subprocess.py:73} INFO - Running command: ['/opt/airflow/dbt_venv/bin/dbt', 'deps', '--project-dir', '/tmp/tmp4jrld1dg', '--profiles-dir', '/tmp/cosmos/profile/a0017dab0633177292578162811b91dcb9c56d6e54017e9660056cc364a762ad', '--profile', 'dbt_project', '--target', 'dev']
[2024-07-13T15:15:15.125+0000] {subprocess.py:84} INFO - Command output:
[2024-07-13T15:15:27.250+0000] {subprocess.py:94} INFO - [0m15:15:27  Running with dbt=1.8.3
[2024-07-13T15:15:28.502+0000] {subprocess.py:94} INFO - [0m15:15:28  Updating lock file in file path: /tmp/tmp4jrld1dg/package-lock.yml
[2024-07-13T15:15:28.563+0000] {subprocess.py:94} INFO - [0m15:15:28  Installing dbt-labs/dbt_utils
[2024-07-13T15:15:29.491+0000] {subprocess.py:94} INFO - [0m15:15:29  Installed from version 0.8.6
[2024-07-13T15:15:29.493+0000] {subprocess.py:94} INFO - [0m15:15:29  Updated version available: 1.2.0
[2024-07-13T15:15:29.496+0000] {subprocess.py:94} INFO - [0m15:15:29
[2024-07-13T15:15:29.499+0000] {subprocess.py:94} INFO - [0m15:15:29  Updates available for packages: ['dbt-labs/dbt_utils']
[2024-07-13T15:15:29.502+0000] {subprocess.py:94} INFO - Update your versions in packages.yml, then run dbt deps
[2024-07-13T15:15:31.638+0000] {subprocess.py:98} INFO - Command exited with return code 0
[2024-07-13T15:15:31.641+0000] {local.py:254} INFO - Update your versions in packages.yml, then run dbt deps
[2024-07-13T15:15:31.646+0000] {local.py:247} INFO - Trying to run the command:
 ['/opt/airflow/dbt_venv/bin/dbt', 'run', '--models', 'raw_orders', '--project-dir', '/tmp/tmp4jrld1dg', '--profiles-dir', '/tmp/cosmos/profile/a0017dab0633177292578162811b91dcb9c56d6e54017e9660056cc364a762ad', '--profile', 'dbt_project', '--target', 'dev']
From /tmp/tmp4jrld1dg
[2024-07-13T15:15:31.649+0000] {subprocess.py:60} INFO - Tmp dir root location: 
 /tmp
[2024-07-13T15:15:31.652+0000] {subprocess.py:73} INFO - Running command: ['/opt/airflow/dbt_venv/bin/dbt', 'run', '--models', 'raw_orders', '--project-dir', '/tmp/tmp4jrld1dg', '--profiles-dir', '/tmp/cosmos/profile/a0017dab0633177292578162811b91dcb9c56d6e54017e9660056cc364a762ad', '--profile', 'dbt_project', '--target', 'dev']
[2024-07-13T15:15:31.709+0000] {subprocess.py:84} INFO - Command output:
[2024-07-13T15:15:42.823+0000] {subprocess.py:94} INFO - [0m15:15:42  Running with dbt=1.8.3
[2024-07-13T15:15:46.577+0000] {subprocess.py:94} INFO - [0m15:15:46  Registered adapter: snowflake=1.8.3
[2024-07-13T15:15:50.519+0000] {subprocess.py:94} INFO - [0m15:15:50  Found 20 models, 27 data tests, 11 sources, 684 macros
[2024-07-13T15:15:50.530+0000] {subprocess.py:94} INFO - [0m15:15:50
[2024-07-13T15:15:57.511+0000] {subprocess.py:94} INFO - [0m15:15:57  Concurrency: 1 threads (target='dev')
[2024-07-13T15:15:57.513+0000] {subprocess.py:94} INFO - [0m15:15:57
[2024-07-13T15:15:57.528+0000] {subprocess.py:94} INFO - [0m15:15:57  1 of 1 START sql table model raw.raw_orders .................................... [RUN]
[2024-07-13T15:16:00.203+0000] {subprocess.py:94} INFO - [0m15:16:00  1 of 1 ERROR creating sql table model raw.raw_orders ........................... [[31mERROR[0m in 2.67s]
[2024-07-13T15:16:00.214+0000] {subprocess.py:94} INFO - [0m15:16:00
[2024-07-13T15:16:00.216+0000] {subprocess.py:94} INFO - [0m15:16:00  Finished running 1 table model in 0 hours 0 minutes and 9.68 seconds (9.68s).
[2024-07-13T15:16:00.415+0000] {subprocess.py:94} INFO - [0m15:16:00
[2024-07-13T15:16:00.418+0000] {subprocess.py:94} INFO - [0m15:16:00  [31mCompleted with 1 error and 0 warnings:[0m
[2024-07-13T15:16:00.420+0000] {subprocess.py:94} INFO - [0m15:16:00
[2024-07-13T15:16:00.422+0000] {subprocess.py:94} INFO - [0m15:16:00    Database Error in model raw_orders (models/staging/raw_orders.sql)
[2024-07-13T15:16:00.425+0000] {subprocess.py:94} INFO -   002003 (02000): SQL compilation error:
[2024-07-13T15:16:00.427+0000] {subprocess.py:94} INFO -   Database 'ELT_PROJECT' does not exist or not authorized.
[2024-07-13T15:16:00.428+0000] {subprocess.py:94} INFO -   compiled Code at target/run/dbt_project/models/staging/raw_orders.sql
[2024-07-13T15:16:00.430+0000] {subprocess.py:94} INFO - [0m15:16:00
[2024-07-13T15:16:00.433+0000] {subprocess.py:94} INFO - [0m15:16:00  Done. PASS=0 WARN=0 ERROR=1 SKIP=0 TOTAL=1
[2024-07-13T15:16:02.238+0000] {subprocess.py:98} INFO - Command exited with return code 1
[2024-07-13T15:16:02.239+0000] {local.py:254} INFO - [0m15:16:00  Done. PASS=0 WARN=0 ERROR=1 SKIP=0 TOTAL=1
[2024-07-13T15:16:02.581+0000] {local.py:196} WARNING - Artifact schema version: https://schemas.getdbt.com/dbt/manifest/v12.json is above dbt-ol supported version 7. This might cause errors.
[2024-07-13T15:16:02.582+0000] {local.py:196} WARNING - Artifact schema version: https://schemas.getdbt.com/dbt/run-results/v6.json is above dbt-ol supported version 5. This might cause errors.
[2024-07-13T15:16:02.591+0000] {local.py:349} INFO - Inlets: []
[2024-07-13T15:16:02.593+0000] {local.py:350} INFO - Outlets: []
[2024-07-13T15:16:02.595+0000] {dag.py:3096} INFO - Sync 1 DAGs
[2024-07-13T15:16:02.641+0000] {dag.py:3954} INFO - Setting next_dagrun for ELT-PROJECT to None, run_after=None
[2024-07-13T15:16:02.717+0000] {local.py:184} ERROR - [0m15:15:42  Running with dbt=1.8.3
[0m15:15:46  Registered adapter: snowflake=1.8.3
[0m15:15:50  Found 20 models, 27 data tests, 11 sources, 684 macros
[0m15:15:50
[0m15:15:57  Concurrency: 1 threads (target='dev')
[0m15:15:57
[0m15:15:57  1 of 1 START sql table model raw.raw_orders .................................... [RUN]
[0m15:16:00  1 of 1 ERROR creating sql table model raw.raw_orders ........................... [[31mERROR[0m in 2.67s]
[0m15:16:00
[0m15:16:00  Finished running 1 table model in 0 hours 0 minutes and 9.68 seconds (9.68s).
[0m15:16:00
[0m15:16:00  [31mCompleted with 1 error and 0 warnings:[0m
[0m15:16:00
[0m15:16:00    Database Error in model raw_orders (models/staging/raw_orders.sql)
  002003 (02000): SQL compilation error:
  Database 'ELT_PROJECT' does not exist or not authorized.
  compiled Code at target/run/dbt_project/models/staging/raw_orders.sql
[0m15:16:00
[0m15:16:00  Done. PASS=0 WARN=0 ERROR=1 SKIP=0 TOTAL=1
[2024-07-13T15:16:02.739+0000] {taskinstance.py:441} INFO - ::group::Post task execution logs
[2024-07-13T15:16:02.769+0000] {taskinstance.py:2905} ERROR - Task failed with exception
Traceback (most recent call last):
  File "/home/airflow/.local/lib/python3.12/site-packages/airflow/models/taskinstance.py", line 465, in _execute_task
    result = _execute_callable(context=context, **execute_callable_kwargs)
             ^^^^^^^^^^^^^^^^^^^^^^^^^^^^^^^^^^^^^^^^^^^^^^^^^^^^^^^^^^^^^
  File "/home/airflow/.local/lib/python3.12/site-packages/airflow/models/taskinstance.py", line 432, in _execute_callable
    return execute_callable(context=context, **execute_callable_kwargs)
           ^^^^^^^^^^^^^^^^^^^^^^^^^^^^^^^^^^^^^^^^^^^^^^^^^^^^^^^^^^^^
  File "/home/airflow/.local/lib/python3.12/site-packages/airflow/models/baseoperator.py", line 401, in wrapper
    return func(self, *args, **kwargs)
           ^^^^^^^^^^^^^^^^^^^^^^^^^^^
  File "/home/airflow/.local/lib/python3.12/site-packages/cosmos/operators/base.py", line 270, in execute
    self.build_and_run_cmd(context=context, cmd_flags=self.add_cmd_flags())
  File "/home/airflow/.local/lib/python3.12/site-packages/cosmos/operators/local.py", line 489, in build_and_run_cmd
    result = self.run_command(cmd=dbt_cmd, env=env, context=context)
             ^^^^^^^^^^^^^^^^^^^^^^^^^^^^^^^^^^^^^^^^^^^^^^^^^^^^^^^
  File "/home/airflow/.local/lib/python3.12/site-packages/cosmos/operators/local.py", line 359, in run_command
    self.handle_exception(result)
  File "/home/airflow/.local/lib/python3.12/site-packages/cosmos/operators/local.py", line 185, in handle_exception_subprocess
    raise AirflowException(f"dbt command failed. The command returned a non-zero exit code {result.exit_code}.")
airflow.exceptions.AirflowException: dbt command failed. The command returned a non-zero exit code 1.
[2024-07-13T15:16:02.777+0000] {taskinstance.py:1206} INFO - Marking task as UP_FOR_RETRY. dag_id=ELT-PROJECT, task_id=transform.raw_orders.run, run_id=manual__2024-07-13T15:14:34.532265+00:00, execution_date=20240713T151434, start_date=20240713T151513, end_date=20240713T151602
[2024-07-13T15:16:02.801+0000] {standard_task_runner.py:110} ERROR - Failed to execute job 387 for task transform.raw_orders.run (dbt command failed. The command returned a non-zero exit code 1.; 626)
[2024-07-13T15:16:02.832+0000] {local_task_job_runner.py:240} INFO - Task exited with return code 1
[2024-07-13T15:16:02.944+0000] {taskinstance.py:3503} INFO - 0 downstream tasks scheduled from follow-on schedule check
[2024-07-13T15:16:02.952+0000] {local_task_job_runner.py:222} INFO - ::endgroup::
