[2024-07-14T03:37:50.332+0000] {local_task_job_runner.py:120} INFO - ::group::Pre task execution logs
[2024-07-14T03:37:50.461+0000] {taskinstance.py:2076} INFO - Dependencies all met for dep_context=non-requeueable deps ti=<TaskInstance: ELT-PROJECT.transform.best_employee_run manual__2024-07-14T03:25:17.009601+00:00 [queued]>
[2024-07-14T03:37:50.542+0000] {taskinstance.py:2076} INFO - Dependencies all met for dep_context=requeueable deps ti=<TaskInstance: ELT-PROJECT.transform.best_employee_run manual__2024-07-14T03:25:17.009601+00:00 [queued]>
[2024-07-14T03:37:50.545+0000] {taskinstance.py:2306} INFO - Starting attempt 2 of 2
[2024-07-14T03:37:50.624+0000] {taskinstance.py:2330} INFO - Executing <Task(DbtRunLocalOperator): transform.best_employee_run> on 2024-07-14 03:25:17.009601+00:00
[2024-07-14T03:37:50.659+0000] {standard_task_runner.py:90} INFO - Running: ['airflow', 'tasks', 'run', 'ELT-PROJECT', 'transform.best_employee_run', 'manual__2024-07-14T03:25:17.009601+00:00', '--job-id', '611', '--raw', '--subdir', 'DAGS_FOLDER/elt.py', '--cfg-path', '/tmp/tmppwtuhzwb']
[2024-07-14T03:37:50.671+0000] {standard_task_runner.py:91} INFO - Job 611: Subtask transform.best_employee_run
[2024-07-14T03:37:50.675+0000] {logging_mixin.py:188} WARNING - /home/airflow/.local/lib/python3.12/site-packages/airflow/task/task_runner/standard_task_runner.py:61 DeprecationWarning: This process (pid=7913) is multi-threaded, use of fork() may lead to deadlocks in the child.
[2024-07-14T03:37:50.678+0000] {standard_task_runner.py:63} INFO - Started process 7915 to run task
[2024-07-14T03:37:50.760+0000] {logging_mixin.py:188} WARNING - /home/airflow/.local/lib/python3.12/site-packages/airflow/settings.py:195 DeprecationWarning: The sql_alchemy_conn option in [core] has been moved to the sql_alchemy_conn option in [database] - the old setting has been used, but please update your config.
[2024-07-14T03:37:50.986+0000] {task_command.py:426} INFO - Running <TaskInstance: ELT-PROJECT.transform.best_employee_run manual__2024-07-14T03:25:17.009601+00:00 [running]> on host airflow-scheduler
[2024-07-14T03:37:51.410+0000] {taskinstance.py:2648} INFO - Exporting env vars: AIRFLOW_CTX_DAG_OWNER='Data-Ninja' AIRFLOW_CTX_DAG_ID='ELT-PROJECT' AIRFLOW_CTX_TASK_ID='transform.best_employee_run' AIRFLOW_CTX_EXECUTION_DATE='2024-07-14T03:25:17.009601+00:00' AIRFLOW_CTX_TRY_NUMBER='2' AIRFLOW_CTX_DAG_RUN_ID='manual__2024-07-14T03:25:17.009601+00:00'
[2024-07-14T03:37:51.416+0000] {taskinstance.py:430} INFO - ::endgroup::
[2024-07-14T03:37:51.425+0000] {local.py:174} INFO - Could not import dbtRunner. Falling back to subprocess for invoking dbt.
[2024-07-14T03:37:51.431+0000] {local.py:292} INFO - Cloning project to writable temp directory /tmp/tmp9lf2sejr from /opt/airflow/dags/dbt/dbt_project
[2024-07-14T03:37:51.460+0000] {local.py:303} INFO - Partial parse is enabled and the latest partial parse file is /tmp/cosmos/ELT-PROJECT__transform/target/partial_parse.msgpack
[2024-07-14T03:37:52.019+0000] {base.py:84} INFO - Using connection ID 'snow_conn' for task execution.
[2024-07-14T03:37:52.021+0000] {crypto.py:82} WARNING - empty cryptography key - values will not be stored encrypted.
[2024-07-14T03:37:52.022+0000] {config.py:298} INFO - Profile caching is enable.
[2024-07-14T03:37:52.027+0000] {config.py:272} INFO - Profile found in cache using profile: /tmp/cosmos/profile/a0017dab0633177292578162811b91dcb9c56d6e54017e9660056cc364a762ad/profiles.yml.
[2024-07-14T03:37:52.031+0000] {local.py:247} INFO - Trying to run the command:
 ['/opt/airflow/dbt_venv/bin/dbt', 'deps', '--project-dir', '/tmp/tmp9lf2sejr', '--profiles-dir', '/tmp/cosmos/profile/a0017dab0633177292578162811b91dcb9c56d6e54017e9660056cc364a762ad', '--profile', 'dbt_project', '--target', 'dev']
From /tmp/tmp9lf2sejr
[2024-07-14T03:37:52.035+0000] {subprocess.py:60} INFO - Tmp dir root location: 
 /tmp
[2024-07-14T03:37:52.037+0000] {subprocess.py:73} INFO - Running command: ['/opt/airflow/dbt_venv/bin/dbt', 'deps', '--project-dir', '/tmp/tmp9lf2sejr', '--profiles-dir', '/tmp/cosmos/profile/a0017dab0633177292578162811b91dcb9c56d6e54017e9660056cc364a762ad', '--profile', 'dbt_project', '--target', 'dev']
[2024-07-14T03:37:52.063+0000] {subprocess.py:84} INFO - Command output:
[2024-07-14T03:37:57.661+0000] {subprocess.py:94} INFO - [0m03:37:57  Running with dbt=1.8.3
[2024-07-14T03:38:01.836+0000] {subprocess.py:94} INFO - [0m03:38:01  Updating lock file in file path: /tmp/tmp9lf2sejr/package-lock.yml
[2024-07-14T03:38:01.880+0000] {subprocess.py:94} INFO - [0m03:38:01  Installing dbt-labs/dbt_utils
[2024-07-14T03:38:03.371+0000] {subprocess.py:94} INFO - [0m03:38:03  Installed from version 0.8.6
[2024-07-14T03:38:03.373+0000] {subprocess.py:94} INFO - [0m03:38:03  Updated version available: 1.2.0
[2024-07-14T03:38:03.375+0000] {subprocess.py:94} INFO - [0m03:38:03
[2024-07-14T03:38:03.377+0000] {subprocess.py:94} INFO - [0m03:38:03  Updates available for packages: ['dbt-labs/dbt_utils']
[2024-07-14T03:38:03.378+0000] {subprocess.py:94} INFO - Update your versions in packages.yml, then run dbt deps
[2024-07-14T03:38:05.712+0000] {subprocess.py:98} INFO - Command exited with return code 0
[2024-07-14T03:38:05.720+0000] {local.py:254} INFO - Update your versions in packages.yml, then run dbt deps
[2024-07-14T03:38:05.726+0000] {local.py:247} INFO - Trying to run the command:
 ['/opt/airflow/dbt_venv/bin/dbt', 'run', '--models', 'best_employee', '--project-dir', '/tmp/tmp9lf2sejr', '--profiles-dir', '/tmp/cosmos/profile/a0017dab0633177292578162811b91dcb9c56d6e54017e9660056cc364a762ad', '--profile', 'dbt_project', '--target', 'dev']
From /tmp/tmp9lf2sejr
[2024-07-14T03:38:05.734+0000] {subprocess.py:60} INFO - Tmp dir root location: 
 /tmp
[2024-07-14T03:38:05.741+0000] {subprocess.py:73} INFO - Running command: ['/opt/airflow/dbt_venv/bin/dbt', 'run', '--models', 'best_employee', '--project-dir', '/tmp/tmp9lf2sejr', '--profiles-dir', '/tmp/cosmos/profile/a0017dab0633177292578162811b91dcb9c56d6e54017e9660056cc364a762ad', '--profile', 'dbt_project', '--target', 'dev']
[2024-07-14T03:38:05.795+0000] {subprocess.py:84} INFO - Command output:
[2024-07-14T03:38:12.651+0000] {subprocess.py:94} INFO - [0m03:38:12  Running with dbt=1.8.3
[2024-07-14T03:38:14.017+0000] {subprocess.py:94} INFO - [0m03:38:14  Registered adapter: snowflake=1.8.3
[2024-07-14T03:38:16.691+0000] {subprocess.py:94} INFO - [0m03:38:16  Found 20 models, 27 data tests, 11 sources, 684 macros
[2024-07-14T03:38:16.701+0000] {subprocess.py:94} INFO - [0m03:38:16
[2024-07-14T03:38:24.752+0000] {subprocess.py:94} INFO - [0m03:38:24  Concurrency: 1 threads (target='dev')
[2024-07-14T03:38:24.756+0000] {subprocess.py:94} INFO - [0m03:38:24
[2024-07-14T03:38:24.808+0000] {subprocess.py:94} INFO - [0m03:38:24  1 of 1 START sql table model dm.best_employee .................................. [RUN]
[2024-07-14T03:38:26.859+0000] {subprocess.py:94} INFO - [0m03:38:26  1 of 1 ERROR creating sql table model dm.best_employee ......................... [[31mERROR[0m in 2.04s]
[2024-07-14T03:38:26.891+0000] {subprocess.py:94} INFO - [0m03:38:26
[2024-07-14T03:38:26.896+0000] {subprocess.py:94} INFO - [0m03:38:26  Finished running 1 table model in 0 hours 0 minutes and 10.19 seconds (10.19s).
[2024-07-14T03:38:27.323+0000] {subprocess.py:94} INFO - [0m03:38:27
[2024-07-14T03:38:27.326+0000] {subprocess.py:94} INFO - [0m03:38:27  [31mCompleted with 1 error and 0 warnings:[0m
[2024-07-14T03:38:27.328+0000] {subprocess.py:94} INFO - [0m03:38:27
[2024-07-14T03:38:27.330+0000] {subprocess.py:94} INFO - [0m03:38:27    Database Error in model best_employee (models/marts/best_employee.sql)
[2024-07-14T03:38:27.333+0000] {subprocess.py:94} INFO -   001003 (42000): SQL compilation error:
[2024-07-14T03:38:27.335+0000] {subprocess.py:94} INFO -   syntax error line 38 at position 22 unexpected ';'.
[2024-07-14T03:38:27.338+0000] {subprocess.py:94} INFO -   compiled Code at target/run/dbt_project/models/marts/best_employee.sql
[2024-07-14T03:38:27.342+0000] {subprocess.py:94} INFO - [0m03:38:27
[2024-07-14T03:38:27.345+0000] {subprocess.py:94} INFO - [0m03:38:27  Done. PASS=0 WARN=0 ERROR=1 SKIP=0 TOTAL=1
[2024-07-14T03:38:30.232+0000] {subprocess.py:98} INFO - Command exited with return code 1
[2024-07-14T03:38:30.237+0000] {local.py:254} INFO - [0m03:38:27  Done. PASS=0 WARN=0 ERROR=1 SKIP=0 TOTAL=1
[2024-07-14T03:38:30.328+0000] {local.py:196} WARNING - Artifact schema version: https://schemas.getdbt.com/dbt/manifest/v12.json is above dbt-ol supported version 7. This might cause errors.
[2024-07-14T03:38:30.331+0000] {local.py:196} WARNING - Artifact schema version: https://schemas.getdbt.com/dbt/run-results/v6.json is above dbt-ol supported version 5. This might cause errors.
[2024-07-14T03:38:30.353+0000] {local.py:349} INFO - Inlets: []
[2024-07-14T03:38:30.357+0000] {local.py:350} INFO - Outlets: []
[2024-07-14T03:38:30.361+0000] {dag.py:3096} INFO - Sync 1 DAGs
[2024-07-14T03:38:30.456+0000] {dag.py:3954} INFO - Setting next_dagrun for ELT-PROJECT to None, run_after=None
[2024-07-14T03:38:30.585+0000] {local.py:184} ERROR - [0m03:38:12  Running with dbt=1.8.3
[0m03:38:14  Registered adapter: snowflake=1.8.3
[0m03:38:16  Found 20 models, 27 data tests, 11 sources, 684 macros
[0m03:38:16
[0m03:38:24  Concurrency: 1 threads (target='dev')
[0m03:38:24
[0m03:38:24  1 of 1 START sql table model dm.best_employee .................................. [RUN]
[0m03:38:26  1 of 1 ERROR creating sql table model dm.best_employee ......................... [[31mERROR[0m in 2.04s]
[0m03:38:26
[0m03:38:26  Finished running 1 table model in 0 hours 0 minutes and 10.19 seconds (10.19s).
[0m03:38:27
[0m03:38:27  [31mCompleted with 1 error and 0 warnings:[0m
[0m03:38:27
[0m03:38:27    Database Error in model best_employee (models/marts/best_employee.sql)
  001003 (42000): SQL compilation error:
  syntax error line 38 at position 22 unexpected ';'.
  compiled Code at target/run/dbt_project/models/marts/best_employee.sql
[0m03:38:27
[0m03:38:27  Done. PASS=0 WARN=0 ERROR=1 SKIP=0 TOTAL=1
[2024-07-14T03:38:30.634+0000] {taskinstance.py:441} INFO - ::group::Post task execution logs
[2024-07-14T03:38:30.689+0000] {taskinstance.py:2905} ERROR - Task failed with exception
Traceback (most recent call last):
  File "/home/airflow/.local/lib/python3.12/site-packages/airflow/models/taskinstance.py", line 465, in _execute_task
    result = _execute_callable(context=context, **execute_callable_kwargs)
             ^^^^^^^^^^^^^^^^^^^^^^^^^^^^^^^^^^^^^^^^^^^^^^^^^^^^^^^^^^^^^
  File "/home/airflow/.local/lib/python3.12/site-packages/airflow/models/taskinstance.py", line 432, in _execute_callable
    return execute_callable(context=context, **execute_callable_kwargs)
           ^^^^^^^^^^^^^^^^^^^^^^^^^^^^^^^^^^^^^^^^^^^^^^^^^^^^^^^^^^^^
  File "/home/airflow/.local/lib/python3.12/site-packages/airflow/models/baseoperator.py", line 401, in wrapper
    return func(self, *args, **kwargs)
           ^^^^^^^^^^^^^^^^^^^^^^^^^^^
  File "/home/airflow/.local/lib/python3.12/site-packages/cosmos/operators/base.py", line 270, in execute
    self.build_and_run_cmd(context=context, cmd_flags=self.add_cmd_flags())
  File "/home/airflow/.local/lib/python3.12/site-packages/cosmos/operators/local.py", line 489, in build_and_run_cmd
    result = self.run_command(cmd=dbt_cmd, env=env, context=context)
             ^^^^^^^^^^^^^^^^^^^^^^^^^^^^^^^^^^^^^^^^^^^^^^^^^^^^^^^
  File "/home/airflow/.local/lib/python3.12/site-packages/cosmos/operators/local.py", line 359, in run_command
    self.handle_exception(result)
  File "/home/airflow/.local/lib/python3.12/site-packages/cosmos/operators/local.py", line 185, in handle_exception_subprocess
    raise AirflowException(f"dbt command failed. The command returned a non-zero exit code {result.exit_code}.")
airflow.exceptions.AirflowException: dbt command failed. The command returned a non-zero exit code 1.
[2024-07-14T03:38:30.743+0000] {taskinstance.py:225} INFO - Setting task end to SKIPPED due to dag's `fail_stop` setting.
[2024-07-14T03:38:30.747+0000] {taskinstance.py:1206} INFO - Marking task as FAILED. dag_id=ELT-PROJECT, task_id=transform.best_employee_run, run_id=manual__2024-07-14T03:25:17.009601+00:00, execution_date=20240714T032517, start_date=20240714T033750, end_date=20240714T033830
[2024-07-14T03:38:30.809+0000] {standard_task_runner.py:110} ERROR - Failed to execute job 611 for task transform.best_employee_run (dbt command failed. The command returned a non-zero exit code 1.; 7915)
[2024-07-14T03:38:30.885+0000] {local_task_job_runner.py:240} INFO - Task exited with return code 1
[2024-07-14T03:38:31.043+0000] {taskinstance.py:3503} INFO - 0 downstream tasks scheduled from follow-on schedule check
[2024-07-14T03:38:31.058+0000] {local_task_job_runner.py:222} INFO - ::endgroup::
