[2024-07-13T15:15:14.115+0000] {local_task_job_runner.py:120} INFO - ::group::Pre task execution logs
[2024-07-13T15:15:14.297+0000] {taskinstance.py:2076} INFO - Dependencies all met for dep_context=non-requeueable deps ti=<TaskInstance: ELT-PROJECT.transform.raw_categories.run manual__2024-07-13T15:14:34.532265+00:00 [queued]>
[2024-07-13T15:15:14.415+0000] {taskinstance.py:2076} INFO - Dependencies all met for dep_context=requeueable deps ti=<TaskInstance: ELT-PROJECT.transform.raw_categories.run manual__2024-07-13T15:14:34.532265+00:00 [queued]>
[2024-07-13T15:15:14.417+0000] {taskinstance.py:2306} INFO - Starting attempt 1 of 2
[2024-07-13T15:15:14.464+0000] {taskinstance.py:2330} INFO - Executing <Task(DbtRunLocalOperator): transform.raw_categories.run> on 2024-07-13 15:14:34.532265+00:00
[2024-07-13T15:15:14.479+0000] {logging_mixin.py:188} WARNING - /home/airflow/.local/lib/python3.12/site-packages/airflow/task/task_runner/standard_task_runner.py:61 DeprecationWarning: This process (pid=605) is multi-threaded, use of fork() may lead to deadlocks in the child.
[2024-07-13T15:15:14.486+0000] {standard_task_runner.py:63} INFO - Started process 631 to run task
[2024-07-13T15:15:14.486+0000] {standard_task_runner.py:90} INFO - Running: ['airflow', 'tasks', 'run', 'ELT-PROJECT', 'transform.raw_categories.run', 'manual__2024-07-13T15:14:34.532265+00:00', '--job-id', '392', '--raw', '--subdir', 'DAGS_FOLDER/elt.py', '--cfg-path', '/tmp/tmp02hoagw8']
[2024-07-13T15:15:14.492+0000] {standard_task_runner.py:91} INFO - Job 392: Subtask transform.raw_categories.run
[2024-07-13T15:15:14.614+0000] {logging_mixin.py:188} WARNING - /home/airflow/.local/lib/python3.12/site-packages/airflow/settings.py:195 DeprecationWarning: The sql_alchemy_conn option in [core] has been moved to the sql_alchemy_conn option in [database] - the old setting has been used, but please update your config.
[2024-07-13T15:15:14.759+0000] {task_command.py:426} INFO - Running <TaskInstance: ELT-PROJECT.transform.raw_categories.run manual__2024-07-13T15:14:34.532265+00:00 [running]> on host airflow-scheduler
[2024-07-13T15:15:15.057+0000] {taskinstance.py:2648} INFO - Exporting env vars: AIRFLOW_CTX_DAG_OWNER='Data-Ninja' AIRFLOW_CTX_DAG_ID='ELT-PROJECT' AIRFLOW_CTX_TASK_ID='transform.raw_categories.run' AIRFLOW_CTX_EXECUTION_DATE='2024-07-13T15:14:34.532265+00:00' AIRFLOW_CTX_TRY_NUMBER='1' AIRFLOW_CTX_DAG_RUN_ID='manual__2024-07-13T15:14:34.532265+00:00'
[2024-07-13T15:15:15.087+0000] {taskinstance.py:430} INFO - ::endgroup::
[2024-07-13T15:15:15.109+0000] {local.py:174} INFO - Could not import dbtRunner. Falling back to subprocess for invoking dbt.
[2024-07-13T15:15:15.113+0000] {local.py:292} INFO - Cloning project to writable temp directory /tmp/tmp5w08fzgk from /opt/airflow/dags/dbt/dbt_project
[2024-07-13T15:15:15.152+0000] {local.py:303} INFO - Partial parse is enabled and the latest partial parse file is /tmp/cosmos/ELT-PROJECT__transform/target/partial_parse.msgpack
[2024-07-13T15:15:15.266+0000] {base.py:84} INFO - Using connection ID 'snow_conn' for task execution.
[2024-07-13T15:15:15.273+0000] {crypto.py:82} WARNING - empty cryptography key - values will not be stored encrypted.
[2024-07-13T15:15:15.274+0000] {config.py:298} INFO - Profile caching is enable.
[2024-07-13T15:15:15.285+0000] {config.py:272} INFO - Profile found in cache using profile: /tmp/cosmos/profile/a0017dab0633177292578162811b91dcb9c56d6e54017e9660056cc364a762ad/profiles.yml.
[2024-07-13T15:15:15.291+0000] {local.py:247} INFO - Trying to run the command:
 ['/opt/airflow/dbt_venv/bin/dbt', 'deps', '--project-dir', '/tmp/tmp5w08fzgk', '--profiles-dir', '/tmp/cosmos/profile/a0017dab0633177292578162811b91dcb9c56d6e54017e9660056cc364a762ad', '--profile', 'dbt_project', '--target', 'dev']
From /tmp/tmp5w08fzgk
[2024-07-13T15:15:15.297+0000] {subprocess.py:60} INFO - Tmp dir root location: 
 /tmp
[2024-07-13T15:15:15.300+0000] {subprocess.py:73} INFO - Running command: ['/opt/airflow/dbt_venv/bin/dbt', 'deps', '--project-dir', '/tmp/tmp5w08fzgk', '--profiles-dir', '/tmp/cosmos/profile/a0017dab0633177292578162811b91dcb9c56d6e54017e9660056cc364a762ad', '--profile', 'dbt_project', '--target', 'dev']
[2024-07-13T15:15:15.355+0000] {subprocess.py:84} INFO - Command output:
[2024-07-13T15:15:27.381+0000] {subprocess.py:94} INFO - [0m15:15:27  Running with dbt=1.8.3
[2024-07-13T15:15:28.571+0000] {subprocess.py:94} INFO - [0m15:15:28  Updating lock file in file path: /tmp/tmp5w08fzgk/package-lock.yml
[2024-07-13T15:15:28.601+0000] {subprocess.py:94} INFO - [0m15:15:28  Installing dbt-labs/dbt_utils
[2024-07-13T15:15:30.298+0000] {subprocess.py:94} INFO - [0m15:15:30  Installed from version 0.8.6
[2024-07-13T15:15:30.300+0000] {subprocess.py:94} INFO - [0m15:15:30  Updated version available: 1.2.0
[2024-07-13T15:15:30.301+0000] {subprocess.py:94} INFO - [0m15:15:30
[2024-07-13T15:15:30.302+0000] {subprocess.py:94} INFO - [0m15:15:30  Updates available for packages: ['dbt-labs/dbt_utils']
[2024-07-13T15:15:30.303+0000] {subprocess.py:94} INFO - Update your versions in packages.yml, then run dbt deps
[2024-07-13T15:15:32.130+0000] {subprocess.py:98} INFO - Command exited with return code 0
[2024-07-13T15:15:32.132+0000] {local.py:254} INFO - Update your versions in packages.yml, then run dbt deps
[2024-07-13T15:15:32.133+0000] {local.py:247} INFO - Trying to run the command:
 ['/opt/airflow/dbt_venv/bin/dbt', 'run', '--models', 'raw_categories', '--project-dir', '/tmp/tmp5w08fzgk', '--profiles-dir', '/tmp/cosmos/profile/a0017dab0633177292578162811b91dcb9c56d6e54017e9660056cc364a762ad', '--profile', 'dbt_project', '--target', 'dev']
From /tmp/tmp5w08fzgk
[2024-07-13T15:15:32.135+0000] {subprocess.py:60} INFO - Tmp dir root location: 
 /tmp
[2024-07-13T15:15:32.137+0000] {subprocess.py:73} INFO - Running command: ['/opt/airflow/dbt_venv/bin/dbt', 'run', '--models', 'raw_categories', '--project-dir', '/tmp/tmp5w08fzgk', '--profiles-dir', '/tmp/cosmos/profile/a0017dab0633177292578162811b91dcb9c56d6e54017e9660056cc364a762ad', '--profile', 'dbt_project', '--target', 'dev']
[2024-07-13T15:15:32.189+0000] {subprocess.py:84} INFO - Command output:
[2024-07-13T15:15:42.817+0000] {subprocess.py:94} INFO - [0m15:15:42  Running with dbt=1.8.3
[2024-07-13T15:15:45.551+0000] {subprocess.py:94} INFO - [0m15:15:45  Registered adapter: snowflake=1.8.3
[2024-07-13T15:15:50.111+0000] {subprocess.py:94} INFO - [0m15:15:50  Found 20 models, 27 data tests, 11 sources, 684 macros
[2024-07-13T15:15:50.124+0000] {subprocess.py:94} INFO - [0m15:15:50
[2024-07-13T15:15:58.521+0000] {subprocess.py:94} INFO - [0m15:15:58  Concurrency: 1 threads (target='dev')
[2024-07-13T15:15:58.522+0000] {subprocess.py:94} INFO - [0m15:15:58
[2024-07-13T15:15:58.542+0000] {subprocess.py:94} INFO - [0m15:15:58  1 of 1 START sql table model raw.raw_categories ................................ [RUN]
[2024-07-13T15:16:01.187+0000] {subprocess.py:94} INFO - [0m15:16:01  1 of 1 ERROR creating sql table model raw.raw_categories ....................... [[31mERROR[0m in 2.64s]
[2024-07-13T15:16:01.206+0000] {subprocess.py:94} INFO - [0m15:16:01
[2024-07-13T15:16:01.215+0000] {subprocess.py:94} INFO - [0m15:16:01  Finished running 1 table model in 0 hours 0 minutes and 11.08 seconds (11.08s).
[2024-07-13T15:16:01.453+0000] {subprocess.py:94} INFO - [0m15:16:01
[2024-07-13T15:16:01.455+0000] {subprocess.py:94} INFO - [0m15:16:01  [31mCompleted with 1 error and 0 warnings:[0m
[2024-07-13T15:16:01.456+0000] {subprocess.py:94} INFO - [0m15:16:01
[2024-07-13T15:16:01.457+0000] {subprocess.py:94} INFO - [0m15:16:01    Database Error in model raw_categories (models/staging/raw_categories.sql)
[2024-07-13T15:16:01.459+0000] {subprocess.py:94} INFO -   002003 (02000): SQL compilation error:
[2024-07-13T15:16:01.465+0000] {subprocess.py:94} INFO -   Database 'ELT_PROJECT' does not exist or not authorized.
[2024-07-13T15:16:01.468+0000] {subprocess.py:94} INFO -   compiled Code at target/run/dbt_project/models/staging/raw_categories.sql
[2024-07-13T15:16:01.470+0000] {subprocess.py:94} INFO - [0m15:16:01
[2024-07-13T15:16:01.473+0000] {subprocess.py:94} INFO - [0m15:16:01  Done. PASS=0 WARN=0 ERROR=1 SKIP=0 TOTAL=1
[2024-07-13T15:16:03.235+0000] {subprocess.py:98} INFO - Command exited with return code 1
[2024-07-13T15:16:03.237+0000] {local.py:254} INFO - [0m15:16:01  Done. PASS=0 WARN=0 ERROR=1 SKIP=0 TOTAL=1
[2024-07-13T15:16:03.569+0000] {local.py:196} WARNING - Artifact schema version: https://schemas.getdbt.com/dbt/manifest/v12.json is above dbt-ol supported version 7. This might cause errors.
[2024-07-13T15:16:03.570+0000] {local.py:196} WARNING - Artifact schema version: https://schemas.getdbt.com/dbt/run-results/v6.json is above dbt-ol supported version 5. This might cause errors.
[2024-07-13T15:16:03.576+0000] {local.py:349} INFO - Inlets: []
[2024-07-13T15:16:03.578+0000] {local.py:350} INFO - Outlets: []
[2024-07-13T15:16:03.580+0000] {dag.py:3096} INFO - Sync 1 DAGs
[2024-07-13T15:16:03.613+0000] {dag.py:3954} INFO - Setting next_dagrun for ELT-PROJECT to None, run_after=None
[2024-07-13T15:16:03.660+0000] {local.py:184} ERROR - [0m15:15:42  Running with dbt=1.8.3
[0m15:15:45  Registered adapter: snowflake=1.8.3
[0m15:15:50  Found 20 models, 27 data tests, 11 sources, 684 macros
[0m15:15:50
[0m15:15:58  Concurrency: 1 threads (target='dev')
[0m15:15:58
[0m15:15:58  1 of 1 START sql table model raw.raw_categories ................................ [RUN]
[0m15:16:01  1 of 1 ERROR creating sql table model raw.raw_categories ....................... [[31mERROR[0m in 2.64s]
[0m15:16:01
[0m15:16:01  Finished running 1 table model in 0 hours 0 minutes and 11.08 seconds (11.08s).
[0m15:16:01
[0m15:16:01  [31mCompleted with 1 error and 0 warnings:[0m
[0m15:16:01
[0m15:16:01    Database Error in model raw_categories (models/staging/raw_categories.sql)
  002003 (02000): SQL compilation error:
  Database 'ELT_PROJECT' does not exist or not authorized.
  compiled Code at target/run/dbt_project/models/staging/raw_categories.sql
[0m15:16:01
[0m15:16:01  Done. PASS=0 WARN=0 ERROR=1 SKIP=0 TOTAL=1
[2024-07-13T15:16:03.675+0000] {taskinstance.py:441} INFO - ::group::Post task execution logs
[2024-07-13T15:16:03.695+0000] {taskinstance.py:2905} ERROR - Task failed with exception
Traceback (most recent call last):
  File "/home/airflow/.local/lib/python3.12/site-packages/airflow/models/taskinstance.py", line 465, in _execute_task
    result = _execute_callable(context=context, **execute_callable_kwargs)
             ^^^^^^^^^^^^^^^^^^^^^^^^^^^^^^^^^^^^^^^^^^^^^^^^^^^^^^^^^^^^^
  File "/home/airflow/.local/lib/python3.12/site-packages/airflow/models/taskinstance.py", line 432, in _execute_callable
    return execute_callable(context=context, **execute_callable_kwargs)
           ^^^^^^^^^^^^^^^^^^^^^^^^^^^^^^^^^^^^^^^^^^^^^^^^^^^^^^^^^^^^
  File "/home/airflow/.local/lib/python3.12/site-packages/airflow/models/baseoperator.py", line 401, in wrapper
    return func(self, *args, **kwargs)
           ^^^^^^^^^^^^^^^^^^^^^^^^^^^
  File "/home/airflow/.local/lib/python3.12/site-packages/cosmos/operators/base.py", line 270, in execute
    self.build_and_run_cmd(context=context, cmd_flags=self.add_cmd_flags())
  File "/home/airflow/.local/lib/python3.12/site-packages/cosmos/operators/local.py", line 489, in build_and_run_cmd
    result = self.run_command(cmd=dbt_cmd, env=env, context=context)
             ^^^^^^^^^^^^^^^^^^^^^^^^^^^^^^^^^^^^^^^^^^^^^^^^^^^^^^^
  File "/home/airflow/.local/lib/python3.12/site-packages/cosmos/operators/local.py", line 359, in run_command
    self.handle_exception(result)
  File "/home/airflow/.local/lib/python3.12/site-packages/cosmos/operators/local.py", line 185, in handle_exception_subprocess
    raise AirflowException(f"dbt command failed. The command returned a non-zero exit code {result.exit_code}.")
airflow.exceptions.AirflowException: dbt command failed. The command returned a non-zero exit code 1.
[2024-07-13T15:16:03.704+0000] {taskinstance.py:1206} INFO - Marking task as UP_FOR_RETRY. dag_id=ELT-PROJECT, task_id=transform.raw_categories.run, run_id=manual__2024-07-13T15:14:34.532265+00:00, execution_date=20240713T151434, start_date=20240713T151514, end_date=20240713T151603
[2024-07-13T15:16:03.728+0000] {standard_task_runner.py:110} ERROR - Failed to execute job 392 for task transform.raw_categories.run (dbt command failed. The command returned a non-zero exit code 1.; 631)
[2024-07-13T15:16:03.787+0000] {local_task_job_runner.py:240} INFO - Task exited with return code 1
[2024-07-13T15:16:03.871+0000] {taskinstance.py:3503} INFO - 0 downstream tasks scheduled from follow-on schedule check
[2024-07-13T15:16:03.874+0000] {local_task_job_runner.py:222} INFO - ::endgroup::
