[2024-07-14T03:17:58.100+0000] {local_task_job_runner.py:120} INFO - ::group::Pre task execution logs
[2024-07-14T03:17:58.206+0000] {taskinstance.py:2076} INFO - Dependencies all met for dep_context=non-requeueable deps ti=<TaskInstance: ELT-PROJECT.transform.raw_orders.run manual__2024-07-14T03:17:17.901957+00:00 [queued]>
[2024-07-14T03:17:58.245+0000] {taskinstance.py:2076} INFO - Dependencies all met for dep_context=requeueable deps ti=<TaskInstance: ELT-PROJECT.transform.raw_orders.run manual__2024-07-14T03:17:17.901957+00:00 [queued]>
[2024-07-14T03:17:58.247+0000] {taskinstance.py:2306} INFO - Starting attempt 1 of 2
[2024-07-14T03:17:58.286+0000] {taskinstance.py:2330} INFO - Executing <Task(DbtRunLocalOperator): transform.raw_orders.run> on 2024-07-14 03:17:17.901957+00:00
[2024-07-14T03:17:58.304+0000] {standard_task_runner.py:90} INFO - Running: ['airflow', 'tasks', 'run', 'ELT-PROJECT', 'transform.raw_orders.run', 'manual__2024-07-14T03:17:17.901957+00:00', '--job-id', '534', '--raw', '--subdir', 'DAGS_FOLDER/elt.py', '--cfg-path', '/tmp/tmphfub9ubm']
[2024-07-14T03:17:58.311+0000] {standard_task_runner.py:91} INFO - Job 534: Subtask transform.raw_orders.run
[2024-07-14T03:17:58.316+0000] {logging_mixin.py:188} WARNING - /home/airflow/.local/lib/python3.12/site-packages/airflow/task/task_runner/standard_task_runner.py:61 DeprecationWarning: This process (pid=5913) is multi-threaded, use of fork() may lead to deadlocks in the child.
[2024-07-14T03:17:58.319+0000] {standard_task_runner.py:63} INFO - Started process 5942 to run task
[2024-07-14T03:17:58.389+0000] {logging_mixin.py:188} WARNING - /home/airflow/.local/lib/python3.12/site-packages/airflow/settings.py:195 DeprecationWarning: The sql_alchemy_conn option in [core] has been moved to the sql_alchemy_conn option in [database] - the old setting has been used, but please update your config.
[2024-07-14T03:17:58.555+0000] {task_command.py:426} INFO - Running <TaskInstance: ELT-PROJECT.transform.raw_orders.run manual__2024-07-14T03:17:17.901957+00:00 [running]> on host airflow-scheduler
[2024-07-14T03:17:59.039+0000] {taskinstance.py:2648} INFO - Exporting env vars: AIRFLOW_CTX_DAG_OWNER='Data-Ninja' AIRFLOW_CTX_DAG_ID='ELT-PROJECT' AIRFLOW_CTX_TASK_ID='transform.raw_orders.run' AIRFLOW_CTX_EXECUTION_DATE='2024-07-14T03:17:17.901957+00:00' AIRFLOW_CTX_TRY_NUMBER='1' AIRFLOW_CTX_DAG_RUN_ID='manual__2024-07-14T03:17:17.901957+00:00'
[2024-07-14T03:17:59.061+0000] {taskinstance.py:430} INFO - ::endgroup::
[2024-07-14T03:17:59.084+0000] {local.py:174} INFO - Could not import dbtRunner. Falling back to subprocess for invoking dbt.
[2024-07-14T03:17:59.091+0000] {local.py:292} INFO - Cloning project to writable temp directory /tmp/tmpoqtmxnq9 from /opt/airflow/dags/dbt/dbt_project
[2024-07-14T03:17:59.123+0000] {local.py:303} INFO - Partial parse is enabled and the latest partial parse file is /tmp/cosmos/ELT-PROJECT__transform/target/partial_parse.msgpack
[2024-07-14T03:18:01.388+0000] {base.py:84} INFO - Using connection ID 'snow_conn' for task execution.
[2024-07-14T03:18:01.390+0000] {crypto.py:82} WARNING - empty cryptography key - values will not be stored encrypted.
[2024-07-14T03:18:01.391+0000] {config.py:298} INFO - Profile caching is enable.
[2024-07-14T03:18:01.407+0000] {config.py:272} INFO - Profile found in cache using profile: /tmp/cosmos/profile/a0017dab0633177292578162811b91dcb9c56d6e54017e9660056cc364a762ad/profiles.yml.
[2024-07-14T03:18:01.409+0000] {local.py:247} INFO - Trying to run the command:
 ['/opt/airflow/dbt_venv/bin/dbt', 'deps', '--project-dir', '/tmp/tmpoqtmxnq9', '--profiles-dir', '/tmp/cosmos/profile/a0017dab0633177292578162811b91dcb9c56d6e54017e9660056cc364a762ad', '--profile', 'dbt_project', '--target', 'dev']
From /tmp/tmpoqtmxnq9
[2024-07-14T03:18:01.412+0000] {subprocess.py:60} INFO - Tmp dir root location: 
 /tmp
[2024-07-14T03:18:01.428+0000] {subprocess.py:73} INFO - Running command: ['/opt/airflow/dbt_venv/bin/dbt', 'deps', '--project-dir', '/tmp/tmpoqtmxnq9', '--profiles-dir', '/tmp/cosmos/profile/a0017dab0633177292578162811b91dcb9c56d6e54017e9660056cc364a762ad', '--profile', 'dbt_project', '--target', 'dev']
[2024-07-14T03:18:01.504+0000] {subprocess.py:84} INFO - Command output:
[2024-07-14T03:18:11.463+0000] {subprocess.py:94} INFO - [0m03:18:11  Running with dbt=1.8.3
[2024-07-14T03:18:12.395+0000] {subprocess.py:94} INFO - [0m03:18:12  Updating lock file in file path: /tmp/tmpoqtmxnq9/package-lock.yml
[2024-07-14T03:18:12.417+0000] {subprocess.py:94} INFO - [0m03:18:12  Installing dbt-labs/dbt_utils
[2024-07-14T03:18:13.098+0000] {subprocess.py:94} INFO - [0m03:18:13  Installed from version 0.8.6
[2024-07-14T03:18:13.099+0000] {subprocess.py:94} INFO - [0m03:18:13  Updated version available: 1.2.0
[2024-07-14T03:18:13.104+0000] {subprocess.py:94} INFO - [0m03:18:13
[2024-07-14T03:18:13.105+0000] {subprocess.py:94} INFO - [0m03:18:13  Updates available for packages: ['dbt-labs/dbt_utils']
[2024-07-14T03:18:13.107+0000] {subprocess.py:94} INFO - Update your versions in packages.yml, then run dbt deps
[2024-07-14T03:18:15.242+0000] {subprocess.py:98} INFO - Command exited with return code 0
[2024-07-14T03:18:15.244+0000] {local.py:254} INFO - Update your versions in packages.yml, then run dbt deps
[2024-07-14T03:18:15.246+0000] {local.py:247} INFO - Trying to run the command:
 ['/opt/airflow/dbt_venv/bin/dbt', 'run', '--models', 'raw_orders', '--project-dir', '/tmp/tmpoqtmxnq9', '--profiles-dir', '/tmp/cosmos/profile/a0017dab0633177292578162811b91dcb9c56d6e54017e9660056cc364a762ad', '--profile', 'dbt_project', '--target', 'dev']
From /tmp/tmpoqtmxnq9
[2024-07-14T03:18:15.249+0000] {subprocess.py:60} INFO - Tmp dir root location: 
 /tmp
[2024-07-14T03:18:15.251+0000] {subprocess.py:73} INFO - Running command: ['/opt/airflow/dbt_venv/bin/dbt', 'run', '--models', 'raw_orders', '--project-dir', '/tmp/tmpoqtmxnq9', '--profiles-dir', '/tmp/cosmos/profile/a0017dab0633177292578162811b91dcb9c56d6e54017e9660056cc364a762ad', '--profile', 'dbt_project', '--target', 'dev']
[2024-07-14T03:18:15.298+0000] {subprocess.py:84} INFO - Command output:
[2024-07-14T03:18:26.838+0000] {subprocess.py:94} INFO - [0m03:18:26  Running with dbt=1.8.3
[2024-07-14T03:18:30.058+0000] {subprocess.py:94} INFO - [0m03:18:30  Registered adapter: snowflake=1.8.3
[2024-07-14T03:18:36.535+0000] {subprocess.py:94} INFO - [0m03:18:36  Found 20 models, 27 data tests, 11 sources, 684 macros
[2024-07-14T03:18:36.547+0000] {subprocess.py:94} INFO - [0m03:18:36
[2024-07-14T03:18:43.576+0000] {subprocess.py:94} INFO - [0m03:18:43  Concurrency: 1 threads (target='dev')
[2024-07-14T03:18:43.581+0000] {subprocess.py:94} INFO - [0m03:18:43
[2024-07-14T03:18:43.623+0000] {subprocess.py:94} INFO - [0m03:18:43  1 of 1 START sql table model raw.raw_orders .................................... [RUN]
[2024-07-14T03:18:45.869+0000] {subprocess.py:94} INFO - [0m03:18:45  1 of 1 ERROR creating sql table model raw.raw_orders ........................... [[31mERROR[0m in 2.24s]
[2024-07-14T03:18:45.883+0000] {subprocess.py:94} INFO - [0m03:18:45
[2024-07-14T03:18:45.885+0000] {subprocess.py:94} INFO - [0m03:18:45  Finished running 1 table model in 0 hours 0 minutes and 9.33 seconds (9.33s).
[2024-07-14T03:18:46.091+0000] {subprocess.py:94} INFO - [0m03:18:46
[2024-07-14T03:18:46.093+0000] {subprocess.py:94} INFO - [0m03:18:46  [31mCompleted with 1 error and 0 warnings:[0m
[2024-07-14T03:18:46.095+0000] {subprocess.py:94} INFO - [0m03:18:46
[2024-07-14T03:18:46.097+0000] {subprocess.py:94} INFO - [0m03:18:46    Database Error in model raw_orders (models/staging/raw_orders.sql)
[2024-07-14T03:18:46.099+0000] {subprocess.py:94} INFO -   100035 (22007): Timestamp 'NaN' is not recognized
[2024-07-14T03:18:46.100+0000] {subprocess.py:94} INFO -   compiled Code at target/run/dbt_project/models/staging/raw_orders.sql
[2024-07-14T03:18:46.102+0000] {subprocess.py:94} INFO - [0m03:18:46
[2024-07-14T03:18:46.104+0000] {subprocess.py:94} INFO - [0m03:18:46  Done. PASS=0 WARN=0 ERROR=1 SKIP=0 TOTAL=1
[2024-07-14T03:18:48.311+0000] {subprocess.py:98} INFO - Command exited with return code 1
[2024-07-14T03:18:48.314+0000] {local.py:254} INFO - [0m03:18:46  Done. PASS=0 WARN=0 ERROR=1 SKIP=0 TOTAL=1
[2024-07-14T03:18:48.391+0000] {local.py:196} WARNING - Artifact schema version: https://schemas.getdbt.com/dbt/manifest/v12.json is above dbt-ol supported version 7. This might cause errors.
[2024-07-14T03:18:48.393+0000] {local.py:196} WARNING - Artifact schema version: https://schemas.getdbt.com/dbt/run-results/v6.json is above dbt-ol supported version 5. This might cause errors.
[2024-07-14T03:18:48.416+0000] {local.py:349} INFO - Inlets: []
[2024-07-14T03:18:48.418+0000] {local.py:350} INFO - Outlets: []
[2024-07-14T03:18:48.421+0000] {dag.py:3096} INFO - Sync 1 DAGs
[2024-07-14T03:18:48.493+0000] {dag.py:3954} INFO - Setting next_dagrun for ELT-PROJECT to None, run_after=None
[2024-07-14T03:18:48.606+0000] {local.py:184} ERROR - [0m03:18:26  Running with dbt=1.8.3
[0m03:18:30  Registered adapter: snowflake=1.8.3
[0m03:18:36  Found 20 models, 27 data tests, 11 sources, 684 macros
[0m03:18:36
[0m03:18:43  Concurrency: 1 threads (target='dev')
[0m03:18:43
[0m03:18:43  1 of 1 START sql table model raw.raw_orders .................................... [RUN]
[0m03:18:45  1 of 1 ERROR creating sql table model raw.raw_orders ........................... [[31mERROR[0m in 2.24s]
[0m03:18:45
[0m03:18:45  Finished running 1 table model in 0 hours 0 minutes and 9.33 seconds (9.33s).
[0m03:18:46
[0m03:18:46  [31mCompleted with 1 error and 0 warnings:[0m
[0m03:18:46
[0m03:18:46    Database Error in model raw_orders (models/staging/raw_orders.sql)
  100035 (22007): Timestamp 'NaN' is not recognized
  compiled Code at target/run/dbt_project/models/staging/raw_orders.sql
[0m03:18:46
[0m03:18:46  Done. PASS=0 WARN=0 ERROR=1 SKIP=0 TOTAL=1
[2024-07-14T03:18:48.645+0000] {taskinstance.py:441} INFO - ::group::Post task execution logs
[2024-07-14T03:18:48.702+0000] {taskinstance.py:2905} ERROR - Task failed with exception
Traceback (most recent call last):
  File "/home/airflow/.local/lib/python3.12/site-packages/airflow/models/taskinstance.py", line 465, in _execute_task
    result = _execute_callable(context=context, **execute_callable_kwargs)
             ^^^^^^^^^^^^^^^^^^^^^^^^^^^^^^^^^^^^^^^^^^^^^^^^^^^^^^^^^^^^^
  File "/home/airflow/.local/lib/python3.12/site-packages/airflow/models/taskinstance.py", line 432, in _execute_callable
    return execute_callable(context=context, **execute_callable_kwargs)
           ^^^^^^^^^^^^^^^^^^^^^^^^^^^^^^^^^^^^^^^^^^^^^^^^^^^^^^^^^^^^
  File "/home/airflow/.local/lib/python3.12/site-packages/airflow/models/baseoperator.py", line 401, in wrapper
    return func(self, *args, **kwargs)
           ^^^^^^^^^^^^^^^^^^^^^^^^^^^
  File "/home/airflow/.local/lib/python3.12/site-packages/cosmos/operators/base.py", line 270, in execute
    self.build_and_run_cmd(context=context, cmd_flags=self.add_cmd_flags())
  File "/home/airflow/.local/lib/python3.12/site-packages/cosmos/operators/local.py", line 489, in build_and_run_cmd
    result = self.run_command(cmd=dbt_cmd, env=env, context=context)
             ^^^^^^^^^^^^^^^^^^^^^^^^^^^^^^^^^^^^^^^^^^^^^^^^^^^^^^^
  File "/home/airflow/.local/lib/python3.12/site-packages/cosmos/operators/local.py", line 359, in run_command
    self.handle_exception(result)
  File "/home/airflow/.local/lib/python3.12/site-packages/cosmos/operators/local.py", line 185, in handle_exception_subprocess
    raise AirflowException(f"dbt command failed. The command returned a non-zero exit code {result.exit_code}.")
airflow.exceptions.AirflowException: dbt command failed. The command returned a non-zero exit code 1.
[2024-07-14T03:18:48.716+0000] {taskinstance.py:1206} INFO - Marking task as UP_FOR_RETRY. dag_id=ELT-PROJECT, task_id=transform.raw_orders.run, run_id=manual__2024-07-14T03:17:17.901957+00:00, execution_date=20240714T031717, start_date=20240714T031758, end_date=20240714T031848
[2024-07-14T03:18:48.770+0000] {standard_task_runner.py:110} ERROR - Failed to execute job 534 for task transform.raw_orders.run (dbt command failed. The command returned a non-zero exit code 1.; 5942)
[2024-07-14T03:18:48.855+0000] {local_task_job_runner.py:240} INFO - Task exited with return code 1
[2024-07-14T03:18:48.915+0000] {local_task_job_runner.py:222} INFO - ::endgroup::
