[2024-07-13T15:48:25.518+0000] {local_task_job_runner.py:120} INFO - ::group::Pre task execution logs
[2024-07-13T15:48:25.626+0000] {taskinstance.py:2076} INFO - Dependencies all met for dep_context=non-requeueable deps ti=<TaskInstance: ELT-PROJECT.transform.raw_orders.run manual__2024-07-13T15:47:53.906361+00:00 [queued]>
[2024-07-13T15:48:25.665+0000] {taskinstance.py:2076} INFO - Dependencies all met for dep_context=requeueable deps ti=<TaskInstance: ELT-PROJECT.transform.raw_orders.run manual__2024-07-13T15:47:53.906361+00:00 [queued]>
[2024-07-13T15:48:25.675+0000] {taskinstance.py:2306} INFO - Starting attempt 1 of 2
[2024-07-13T15:48:25.778+0000] {taskinstance.py:2330} INFO - Executing <Task(DbtRunLocalOperator): transform.raw_orders.run> on 2024-07-13 15:47:53.906361+00:00
[2024-07-13T15:48:25.800+0000] {standard_task_runner.py:90} INFO - Running: ['airflow', 'tasks', 'run', 'ELT-PROJECT', 'transform.raw_orders.run', 'manual__2024-07-13T15:47:53.906361+00:00', '--job-id', '475', '--raw', '--subdir', 'DAGS_FOLDER/elt.py', '--cfg-path', '/tmp/tmp2mwzx6z3']
[2024-07-13T15:48:25.809+0000] {standard_task_runner.py:91} INFO - Job 475: Subtask transform.raw_orders.run
[2024-07-13T15:48:25.802+0000] {logging_mixin.py:188} WARNING - /home/airflow/.local/lib/python3.12/site-packages/airflow/task/task_runner/standard_task_runner.py:61 DeprecationWarning: This process (pid=2931) is multi-threaded, use of fork() may lead to deadlocks in the child.
[2024-07-13T15:48:25.820+0000] {standard_task_runner.py:63} INFO - Started process 2952 to run task
[2024-07-13T15:48:25.891+0000] {logging_mixin.py:188} WARNING - /home/airflow/.local/lib/python3.12/site-packages/airflow/settings.py:195 DeprecationWarning: The sql_alchemy_conn option in [core] has been moved to the sql_alchemy_conn option in [database] - the old setting has been used, but please update your config.
[2024-07-13T15:48:26.037+0000] {task_command.py:426} INFO - Running <TaskInstance: ELT-PROJECT.transform.raw_orders.run manual__2024-07-13T15:47:53.906361+00:00 [running]> on host airflow-scheduler
[2024-07-13T15:48:26.420+0000] {taskinstance.py:2648} INFO - Exporting env vars: AIRFLOW_CTX_DAG_OWNER='Data-Ninja' AIRFLOW_CTX_DAG_ID='ELT-PROJECT' AIRFLOW_CTX_TASK_ID='transform.raw_orders.run' AIRFLOW_CTX_EXECUTION_DATE='2024-07-13T15:47:53.906361+00:00' AIRFLOW_CTX_TRY_NUMBER='1' AIRFLOW_CTX_DAG_RUN_ID='manual__2024-07-13T15:47:53.906361+00:00'
[2024-07-13T15:48:26.425+0000] {taskinstance.py:430} INFO - ::endgroup::
[2024-07-13T15:48:26.438+0000] {local.py:174} INFO - Could not import dbtRunner. Falling back to subprocess for invoking dbt.
[2024-07-13T15:48:26.443+0000] {local.py:292} INFO - Cloning project to writable temp directory /tmp/tmp2fiteo8y from /opt/airflow/dags/dbt/dbt_project
[2024-07-13T15:48:26.479+0000] {local.py:303} INFO - Partial parse is enabled and the latest partial parse file is /tmp/cosmos/ELT-PROJECT__transform/target/partial_parse.msgpack
[2024-07-13T15:48:27.045+0000] {base.py:84} INFO - Using connection ID 'snow_conn' for task execution.
[2024-07-13T15:48:27.067+0000] {crypto.py:82} WARNING - empty cryptography key - values will not be stored encrypted.
[2024-07-13T15:48:27.068+0000] {config.py:298} INFO - Profile caching is enable.
[2024-07-13T15:48:27.078+0000] {config.py:272} INFO - Profile found in cache using profile: /tmp/cosmos/profile/a0017dab0633177292578162811b91dcb9c56d6e54017e9660056cc364a762ad/profiles.yml.
[2024-07-13T15:48:27.097+0000] {local.py:247} INFO - Trying to run the command:
 ['/opt/airflow/dbt_venv/bin/dbt', 'deps', '--project-dir', '/tmp/tmp2fiteo8y', '--profiles-dir', '/tmp/cosmos/profile/a0017dab0633177292578162811b91dcb9c56d6e54017e9660056cc364a762ad', '--profile', 'dbt_project', '--target', 'dev']
From /tmp/tmp2fiteo8y
[2024-07-13T15:48:27.100+0000] {subprocess.py:60} INFO - Tmp dir root location: 
 /tmp
[2024-07-13T15:48:27.104+0000] {subprocess.py:73} INFO - Running command: ['/opt/airflow/dbt_venv/bin/dbt', 'deps', '--project-dir', '/tmp/tmp2fiteo8y', '--profiles-dir', '/tmp/cosmos/profile/a0017dab0633177292578162811b91dcb9c56d6e54017e9660056cc364a762ad', '--profile', 'dbt_project', '--target', 'dev']
[2024-07-13T15:48:27.193+0000] {subprocess.py:84} INFO - Command output:
[2024-07-13T15:48:41.479+0000] {subprocess.py:94} INFO - [0m15:48:41  Running with dbt=1.8.3
[2024-07-13T15:48:42.618+0000] {subprocess.py:94} INFO - [0m15:48:42  Updating lock file in file path: /tmp/tmp2fiteo8y/package-lock.yml
[2024-07-13T15:48:42.643+0000] {subprocess.py:94} INFO - [0m15:48:42  Installing dbt-labs/dbt_utils
[2024-07-13T15:48:43.907+0000] {subprocess.py:94} INFO - [0m15:48:43  Installed from version 0.8.6
[2024-07-13T15:48:43.911+0000] {subprocess.py:94} INFO - [0m15:48:43  Updated version available: 1.2.0
[2024-07-13T15:48:43.915+0000] {subprocess.py:94} INFO - [0m15:48:43
[2024-07-13T15:48:43.917+0000] {subprocess.py:94} INFO - [0m15:48:43  Updates available for packages: ['dbt-labs/dbt_utils']
[2024-07-13T15:48:43.920+0000] {subprocess.py:94} INFO - Update your versions in packages.yml, then run dbt deps
[2024-07-13T15:48:46.641+0000] {subprocess.py:98} INFO - Command exited with return code 0
[2024-07-13T15:48:46.644+0000] {local.py:254} INFO - Update your versions in packages.yml, then run dbt deps
[2024-07-13T15:48:46.646+0000] {local.py:247} INFO - Trying to run the command:
 ['/opt/airflow/dbt_venv/bin/dbt', 'run', '--models', 'raw_orders', '--project-dir', '/tmp/tmp2fiteo8y', '--profiles-dir', '/tmp/cosmos/profile/a0017dab0633177292578162811b91dcb9c56d6e54017e9660056cc364a762ad', '--profile', 'dbt_project', '--target', 'dev']
From /tmp/tmp2fiteo8y
[2024-07-13T15:48:46.648+0000] {subprocess.py:60} INFO - Tmp dir root location: 
 /tmp
[2024-07-13T15:48:46.650+0000] {subprocess.py:73} INFO - Running command: ['/opt/airflow/dbt_venv/bin/dbt', 'run', '--models', 'raw_orders', '--project-dir', '/tmp/tmp2fiteo8y', '--profiles-dir', '/tmp/cosmos/profile/a0017dab0633177292578162811b91dcb9c56d6e54017e9660056cc364a762ad', '--profile', 'dbt_project', '--target', 'dev']
[2024-07-13T15:48:46.734+0000] {subprocess.py:84} INFO - Command output:
[2024-07-13T15:48:57.941+0000] {subprocess.py:94} INFO - [0m15:48:57  Running with dbt=1.8.3
[2024-07-13T15:49:01.958+0000] {subprocess.py:94} INFO - [0m15:49:01  Registered adapter: snowflake=1.8.3
[2024-07-13T15:49:05.700+0000] {subprocess.py:94} INFO - [0m15:49:05  Found 20 models, 27 data tests, 11 sources, 684 macros
[2024-07-13T15:49:05.707+0000] {subprocess.py:94} INFO - [0m15:49:05
[2024-07-13T15:49:12.856+0000] {subprocess.py:94} INFO - [0m15:49:12  Concurrency: 1 threads (target='dev')
[2024-07-13T15:49:12.858+0000] {subprocess.py:94} INFO - [0m15:49:12
[2024-07-13T15:49:12.880+0000] {subprocess.py:94} INFO - [0m15:49:12  1 of 1 START sql table model raw.raw_orders .................................... [RUN]
[2024-07-13T15:49:15.069+0000] {subprocess.py:94} INFO - [0m15:49:15  1 of 1 ERROR creating sql table model raw.raw_orders ........................... [[31mERROR[0m in 2.18s]
[2024-07-13T15:49:15.078+0000] {subprocess.py:94} INFO - [0m15:49:15
[2024-07-13T15:49:15.079+0000] {subprocess.py:94} INFO - [0m15:49:15  Finished running 1 table model in 0 hours 0 minutes and 9.37 seconds (9.37s).
[2024-07-13T15:49:15.236+0000] {subprocess.py:94} INFO - [0m15:49:15
[2024-07-13T15:49:15.237+0000] {subprocess.py:94} INFO - [0m15:49:15  [31mCompleted with 1 error and 0 warnings:[0m
[2024-07-13T15:49:15.238+0000] {subprocess.py:94} INFO - [0m15:49:15
[2024-07-13T15:49:15.239+0000] {subprocess.py:94} INFO - [0m15:49:15    Database Error in model raw_orders (models/staging/raw_orders.sql)
[2024-07-13T15:49:15.241+0000] {subprocess.py:94} INFO -   100035 (22007): Timestamp 'NaN' is not recognized
[2024-07-13T15:49:15.242+0000] {subprocess.py:94} INFO -   compiled Code at target/run/dbt_project/models/staging/raw_orders.sql
[2024-07-13T15:49:15.243+0000] {subprocess.py:94} INFO - [0m15:49:15
[2024-07-13T15:49:15.244+0000] {subprocess.py:94} INFO - [0m15:49:15  Done. PASS=0 WARN=0 ERROR=1 SKIP=0 TOTAL=1
[2024-07-13T15:49:21.172+0000] {subprocess.py:98} INFO - Command exited with return code 1
[2024-07-13T15:49:21.175+0000] {local.py:254} INFO - [0m15:49:15  Done. PASS=0 WARN=0 ERROR=1 SKIP=0 TOTAL=1
[2024-07-13T15:49:21.276+0000] {local.py:196} WARNING - Artifact schema version: https://schemas.getdbt.com/dbt/manifest/v12.json is above dbt-ol supported version 7. This might cause errors.
[2024-07-13T15:49:21.280+0000] {local.py:196} WARNING - Artifact schema version: https://schemas.getdbt.com/dbt/run-results/v6.json is above dbt-ol supported version 5. This might cause errors.
[2024-07-13T15:49:21.299+0000] {local.py:349} INFO - Inlets: []
[2024-07-13T15:49:21.301+0000] {local.py:350} INFO - Outlets: []
[2024-07-13T15:49:21.305+0000] {dag.py:3096} INFO - Sync 1 DAGs
[2024-07-13T15:49:21.486+0000] {dag.py:3954} INFO - Setting next_dagrun for ELT-PROJECT to None, run_after=None
[2024-07-13T15:49:21.571+0000] {local.py:184} ERROR - [0m15:48:57  Running with dbt=1.8.3
[0m15:49:01  Registered adapter: snowflake=1.8.3
[0m15:49:05  Found 20 models, 27 data tests, 11 sources, 684 macros
[0m15:49:05
[0m15:49:12  Concurrency: 1 threads (target='dev')
[0m15:49:12
[0m15:49:12  1 of 1 START sql table model raw.raw_orders .................................... [RUN]
[0m15:49:15  1 of 1 ERROR creating sql table model raw.raw_orders ........................... [[31mERROR[0m in 2.18s]
[0m15:49:15
[0m15:49:15  Finished running 1 table model in 0 hours 0 minutes and 9.37 seconds (9.37s).
[0m15:49:15
[0m15:49:15  [31mCompleted with 1 error and 0 warnings:[0m
[0m15:49:15
[0m15:49:15    Database Error in model raw_orders (models/staging/raw_orders.sql)
  100035 (22007): Timestamp 'NaN' is not recognized
  compiled Code at target/run/dbt_project/models/staging/raw_orders.sql
[0m15:49:15
[0m15:49:15  Done. PASS=0 WARN=0 ERROR=1 SKIP=0 TOTAL=1
[2024-07-13T15:49:21.617+0000] {taskinstance.py:441} INFO - ::group::Post task execution logs
[2024-07-13T15:49:21.666+0000] {taskinstance.py:2905} ERROR - Task failed with exception
Traceback (most recent call last):
  File "/home/airflow/.local/lib/python3.12/site-packages/airflow/models/taskinstance.py", line 465, in _execute_task
    result = _execute_callable(context=context, **execute_callable_kwargs)
             ^^^^^^^^^^^^^^^^^^^^^^^^^^^^^^^^^^^^^^^^^^^^^^^^^^^^^^^^^^^^^
  File "/home/airflow/.local/lib/python3.12/site-packages/airflow/models/taskinstance.py", line 432, in _execute_callable
    return execute_callable(context=context, **execute_callable_kwargs)
           ^^^^^^^^^^^^^^^^^^^^^^^^^^^^^^^^^^^^^^^^^^^^^^^^^^^^^^^^^^^^
  File "/home/airflow/.local/lib/python3.12/site-packages/airflow/models/baseoperator.py", line 401, in wrapper
    return func(self, *args, **kwargs)
           ^^^^^^^^^^^^^^^^^^^^^^^^^^^
  File "/home/airflow/.local/lib/python3.12/site-packages/cosmos/operators/base.py", line 270, in execute
    self.build_and_run_cmd(context=context, cmd_flags=self.add_cmd_flags())
  File "/home/airflow/.local/lib/python3.12/site-packages/cosmos/operators/local.py", line 489, in build_and_run_cmd
    result = self.run_command(cmd=dbt_cmd, env=env, context=context)
             ^^^^^^^^^^^^^^^^^^^^^^^^^^^^^^^^^^^^^^^^^^^^^^^^^^^^^^^
  File "/home/airflow/.local/lib/python3.12/site-packages/cosmos/operators/local.py", line 359, in run_command
    self.handle_exception(result)
  File "/home/airflow/.local/lib/python3.12/site-packages/cosmos/operators/local.py", line 185, in handle_exception_subprocess
    raise AirflowException(f"dbt command failed. The command returned a non-zero exit code {result.exit_code}.")
airflow.exceptions.AirflowException: dbt command failed. The command returned a non-zero exit code 1.
[2024-07-13T15:49:21.696+0000] {taskinstance.py:1206} INFO - Marking task as UP_FOR_RETRY. dag_id=ELT-PROJECT, task_id=transform.raw_orders.run, run_id=manual__2024-07-13T15:47:53.906361+00:00, execution_date=20240713T154753, start_date=20240713T154825, end_date=20240713T154921
[2024-07-13T15:49:21.729+0000] {standard_task_runner.py:110} ERROR - Failed to execute job 475 for task transform.raw_orders.run (dbt command failed. The command returned a non-zero exit code 1.; 2952)
[2024-07-13T15:49:21.780+0000] {local_task_job_runner.py:240} INFO - Task exited with return code 1
[2024-07-13T15:49:21.963+0000] {taskinstance.py:3503} INFO - 0 downstream tasks scheduled from follow-on schedule check
[2024-07-13T15:49:21.973+0000] {local_task_job_runner.py:222} INFO - ::endgroup::
