[2024-07-13T14:33:57.103+0000] {local_task_job_runner.py:120} INFO - ::group::Pre task execution logs
[2024-07-13T14:33:57.261+0000] {taskinstance.py:2076} INFO - Dependencies all met for dep_context=non-requeueable deps ti=<TaskInstance: ELT-PROJECT.transform.raw_customers.run manual__2024-07-13T14:33:15.830785+00:00 [queued]>
[2024-07-13T14:33:57.331+0000] {taskinstance.py:2076} INFO - Dependencies all met for dep_context=requeueable deps ti=<TaskInstance: ELT-PROJECT.transform.raw_customers.run manual__2024-07-13T14:33:15.830785+00:00 [queued]>
[2024-07-13T14:33:57.332+0000] {taskinstance.py:2306} INFO - Starting attempt 1 of 2
[2024-07-13T14:33:57.399+0000] {taskinstance.py:2330} INFO - Executing <Task(DbtRunLocalOperator): transform.raw_customers.run> on 2024-07-13 14:33:15.830785+00:00
[2024-07-13T14:33:57.430+0000] {logging_mixin.py:188} WARNING - /home/airflow/.local/lib/python3.12/site-packages/airflow/task/task_runner/standard_task_runner.py:61 DeprecationWarning: This process (pid=4857) is multi-threaded, use of fork() may lead to deadlocks in the child.
[2024-07-13T14:33:57.433+0000] {standard_task_runner.py:63} INFO - Started process 4880 to run task
[2024-07-13T14:33:57.436+0000] {standard_task_runner.py:90} INFO - Running: ['airflow', 'tasks', 'run', 'ELT-PROJECT', 'transform.raw_customers.run', 'manual__2024-07-13T14:33:15.830785+00:00', '--job-id', '359', '--raw', '--subdir', 'DAGS_FOLDER/elt.py', '--cfg-path', '/tmp/tmpe9s5j75y']
[2024-07-13T14:33:57.442+0000] {standard_task_runner.py:91} INFO - Job 359: Subtask transform.raw_customers.run
[2024-07-13T14:33:57.542+0000] {logging_mixin.py:188} WARNING - /home/airflow/.local/lib/python3.12/site-packages/airflow/settings.py:195 DeprecationWarning: The sql_alchemy_conn option in [core] has been moved to the sql_alchemy_conn option in [database] - the old setting has been used, but please update your config.
[2024-07-13T14:33:57.755+0000] {task_command.py:426} INFO - Running <TaskInstance: ELT-PROJECT.transform.raw_customers.run manual__2024-07-13T14:33:15.830785+00:00 [running]> on host airflow-scheduler
[2024-07-13T14:33:58.100+0000] {taskinstance.py:2648} INFO - Exporting env vars: AIRFLOW_CTX_DAG_OWNER='Data-Ninja' AIRFLOW_CTX_DAG_ID='ELT-PROJECT' AIRFLOW_CTX_TASK_ID='transform.raw_customers.run' AIRFLOW_CTX_EXECUTION_DATE='2024-07-13T14:33:15.830785+00:00' AIRFLOW_CTX_TRY_NUMBER='1' AIRFLOW_CTX_DAG_RUN_ID='manual__2024-07-13T14:33:15.830785+00:00'
[2024-07-13T14:33:58.109+0000] {taskinstance.py:430} INFO - ::endgroup::
[2024-07-13T14:33:58.125+0000] {local.py:174} INFO - Could not import dbtRunner. Falling back to subprocess for invoking dbt.
[2024-07-13T14:33:58.135+0000] {local.py:292} INFO - Cloning project to writable temp directory /tmp/tmpencxtjql from /opt/airflow/dags/dbt/dbt_project
[2024-07-13T14:33:58.161+0000] {local.py:303} INFO - Partial parse is enabled and the latest partial parse file is /opt/airflow/dags/dbt/dbt_project/target/partial_parse.msgpack
[2024-07-13T14:33:59.236+0000] {base.py:84} INFO - Using connection ID 'snow_conn' for task execution.
[2024-07-13T14:33:59.268+0000] {crypto.py:82} WARNING - empty cryptography key - values will not be stored encrypted.
[2024-07-13T14:33:59.274+0000] {config.py:298} INFO - Profile caching is enable.
[2024-07-13T14:33:59.289+0000] {config.py:272} INFO - Profile found in cache using profile: /tmp/cosmos/profile/a0017dab0633177292578162811b91dcb9c56d6e54017e9660056cc364a762ad/profiles.yml.
[2024-07-13T14:33:59.303+0000] {local.py:247} INFO - Trying to run the command:
 ['/opt/airflow/dbt_venv/bin/dbt', 'deps', '--project-dir', '/tmp/tmpencxtjql', '--profiles-dir', '/tmp/cosmos/profile/a0017dab0633177292578162811b91dcb9c56d6e54017e9660056cc364a762ad', '--profile', 'dbt_project', '--target', 'dev']
From /tmp/tmpencxtjql
[2024-07-13T14:33:59.307+0000] {subprocess.py:60} INFO - Tmp dir root location: 
 /tmp
[2024-07-13T14:33:59.311+0000] {subprocess.py:73} INFO - Running command: ['/opt/airflow/dbt_venv/bin/dbt', 'deps', '--project-dir', '/tmp/tmpencxtjql', '--profiles-dir', '/tmp/cosmos/profile/a0017dab0633177292578162811b91dcb9c56d6e54017e9660056cc364a762ad', '--profile', 'dbt_project', '--target', 'dev']
[2024-07-13T14:33:59.349+0000] {subprocess.py:84} INFO - Command output:
[2024-07-13T14:34:15.113+0000] {subprocess.py:94} INFO - [0m14:34:15  Running with dbt=1.8.3
[2024-07-13T14:34:16.211+0000] {subprocess.py:94} INFO - [0m14:34:16  Updating lock file in file path: /tmp/tmpencxtjql/package-lock.yml
[2024-07-13T14:34:16.235+0000] {subprocess.py:94} INFO - [0m14:34:16  Installing dbt-labs/dbt_utils
[2024-07-13T14:34:17.381+0000] {subprocess.py:94} INFO - [0m14:34:17  Installed from version 0.8.6
[2024-07-13T14:34:17.383+0000] {subprocess.py:94} INFO - [0m14:34:17  Updated version available: 1.2.0
[2024-07-13T14:34:17.391+0000] {subprocess.py:94} INFO - [0m14:34:17
[2024-07-13T14:34:17.399+0000] {subprocess.py:94} INFO - [0m14:34:17  Updates available for packages: ['dbt-labs/dbt_utils']
[2024-07-13T14:34:17.402+0000] {subprocess.py:94} INFO - Update your versions in packages.yml, then run dbt deps
[2024-07-13T14:34:19.836+0000] {subprocess.py:98} INFO - Command exited with return code 0
[2024-07-13T14:34:19.840+0000] {local.py:254} INFO - Update your versions in packages.yml, then run dbt deps
[2024-07-13T14:34:19.844+0000] {local.py:247} INFO - Trying to run the command:
 ['/opt/airflow/dbt_venv/bin/dbt', 'run', '--models', 'raw_customers', '--project-dir', '/tmp/tmpencxtjql', '--profiles-dir', '/tmp/cosmos/profile/a0017dab0633177292578162811b91dcb9c56d6e54017e9660056cc364a762ad', '--profile', 'dbt_project', '--target', 'dev']
From /tmp/tmpencxtjql
[2024-07-13T14:34:19.848+0000] {subprocess.py:60} INFO - Tmp dir root location: 
 /tmp
[2024-07-13T14:34:19.851+0000] {subprocess.py:73} INFO - Running command: ['/opt/airflow/dbt_venv/bin/dbt', 'run', '--models', 'raw_customers', '--project-dir', '/tmp/tmpencxtjql', '--profiles-dir', '/tmp/cosmos/profile/a0017dab0633177292578162811b91dcb9c56d6e54017e9660056cc364a762ad', '--profile', 'dbt_project', '--target', 'dev']
[2024-07-13T14:34:19.931+0000] {subprocess.py:84} INFO - Command output:
[2024-07-13T14:34:31.208+0000] {subprocess.py:94} INFO - [0m14:34:31  Running with dbt=1.8.3
[2024-07-13T14:34:35.030+0000] {subprocess.py:94} INFO - [0m14:34:35  Registered adapter: snowflake=1.8.3
[2024-07-13T14:34:36.187+0000] {subprocess.py:94} INFO - [0m14:34:36  Unable to do partial parsing because of a version mismatch
[2024-07-13T14:34:47.939+0000] {subprocess.py:94} INFO - [0m14:34:47  [[33mWARNING[0m]: Did not find matching node for patch with name 'raw_employee_territores' in the 'models' section of file 'models/staging/schema.yml'
[2024-07-13T14:34:48.376+0000] {subprocess.py:94} INFO - [0m14:34:48  [[33mWARNING[0m]: Test 'test.dbt_project.not_null_raw_employee_territores_EMPLOYEEID.153e916ea2' (models/staging/schema.yml) depends on a node named 'raw_employee_territores' in package '' which was not found
[2024-07-13T14:34:48.385+0000] {subprocess.py:94} INFO - [0m14:34:48  [[33mWARNING[0m]: Test 'test.dbt_project.not_null_raw_employee_territores_TERRITORYID.3a9175e83e' (models/staging/schema.yml) depends on a node named 'raw_employee_territores' in package '' which was not found
[2024-07-13T14:34:50.223+0000] {subprocess.py:94} INFO - [0m14:34:50  Found 20 models, 27 data tests, 11 sources, 684 macros
[2024-07-13T14:34:50.235+0000] {subprocess.py:94} INFO - [0m14:34:50
[2024-07-13T14:35:01.826+0000] {subprocess.py:94} INFO - [0m14:35:01  Concurrency: 1 threads (target='dev')
[2024-07-13T14:35:01.829+0000] {subprocess.py:94} INFO - [0m14:35:01
[2024-07-13T14:35:01.879+0000] {subprocess.py:94} INFO - [0m14:35:01  1 of 1 START sql table model raw.raw_customers ................................. [RUN]
[2024-07-13T14:35:03.774+0000] {subprocess.py:94} INFO - [0m14:35:03  1 of 1 ERROR creating sql table model raw.raw_customers ........................ [[31mERROR[0m in 1.88s]
[2024-07-13T14:35:03.786+0000] {subprocess.py:94} INFO - [0m14:35:03
[2024-07-13T14:35:03.789+0000] {subprocess.py:94} INFO - [0m14:35:03  Finished running 1 table model in 0 hours 0 minutes and 13.55 seconds (13.55s).
[2024-07-13T14:35:03.959+0000] {subprocess.py:94} INFO - [0m14:35:03
[2024-07-13T14:35:03.961+0000] {subprocess.py:94} INFO - [0m14:35:03  [31mCompleted with 1 error and 0 warnings:[0m
[2024-07-13T14:35:03.963+0000] {subprocess.py:94} INFO - [0m14:35:03
[2024-07-13T14:35:03.965+0000] {subprocess.py:94} INFO - [0m14:35:03    Database Error in model raw_customers (models/staging/raw_customers.sql)
[2024-07-13T14:35:03.967+0000] {subprocess.py:94} INFO -   002003 (02000): SQL compilation error:
[2024-07-13T14:35:03.969+0000] {subprocess.py:94} INFO -   Database 'ELT_PROJECT' does not exist or not authorized.
[2024-07-13T14:35:03.971+0000] {subprocess.py:94} INFO -   compiled Code at target/run/dbt_project/models/staging/raw_customers.sql
[2024-07-13T14:35:03.973+0000] {subprocess.py:94} INFO - [0m14:35:03
[2024-07-13T14:35:03.975+0000] {subprocess.py:94} INFO - [0m14:35:03  Done. PASS=0 WARN=0 ERROR=1 SKIP=0 TOTAL=1
[2024-07-13T14:35:07.339+0000] {subprocess.py:98} INFO - Command exited with return code 1
[2024-07-13T14:35:07.343+0000] {local.py:254} INFO - [0m14:35:03  Done. PASS=0 WARN=0 ERROR=1 SKIP=0 TOTAL=1
[2024-07-13T14:35:07.460+0000] {local.py:196} WARNING - Artifact schema version: https://schemas.getdbt.com/dbt/manifest/v12.json is above dbt-ol supported version 7. This might cause errors.
[2024-07-13T14:35:07.463+0000] {local.py:196} WARNING - Artifact schema version: https://schemas.getdbt.com/dbt/run-results/v6.json is above dbt-ol supported version 5. This might cause errors.
[2024-07-13T14:35:07.482+0000] {local.py:349} INFO - Inlets: []
[2024-07-13T14:35:07.496+0000] {local.py:350} INFO - Outlets: []
[2024-07-13T14:35:07.498+0000] {dag.py:3096} INFO - Sync 1 DAGs
[2024-07-13T14:35:07.698+0000] {dag.py:3954} INFO - Setting next_dagrun for ELT-PROJECT to None, run_after=None
[2024-07-13T14:35:07.875+0000] {local.py:184} ERROR - [0m14:34:31  Running with dbt=1.8.3
[0m14:34:35  Registered adapter: snowflake=1.8.3
[0m14:34:36  Unable to do partial parsing because of a version mismatch
[0m14:34:47  [[33mWARNING[0m]: Did not find matching node for patch with name 'raw_employee_territores' in the 'models' section of file 'models/staging/schema.yml'
[0m14:34:48  [[33mWARNING[0m]: Test 'test.dbt_project.not_null_raw_employee_territores_EMPLOYEEID.153e916ea2' (models/staging/schema.yml) depends on a node named 'raw_employee_territores' in package '' which was not found
[0m14:34:48  [[33mWARNING[0m]: Test 'test.dbt_project.not_null_raw_employee_territores_TERRITORYID.3a9175e83e' (models/staging/schema.yml) depends on a node named 'raw_employee_territores' in package '' which was not found
[0m14:34:50  Found 20 models, 27 data tests, 11 sources, 684 macros
[0m14:34:50
[0m14:35:01  Concurrency: 1 threads (target='dev')
[0m14:35:01
[0m14:35:01  1 of 1 START sql table model raw.raw_customers ................................. [RUN]
[0m14:35:03  1 of 1 ERROR creating sql table model raw.raw_customers ........................ [[31mERROR[0m in 1.88s]
[0m14:35:03
[0m14:35:03  Finished running 1 table model in 0 hours 0 minutes and 13.55 seconds (13.55s).
[0m14:35:03
[0m14:35:03  [31mCompleted with 1 error and 0 warnings:[0m
[0m14:35:03
[0m14:35:03    Database Error in model raw_customers (models/staging/raw_customers.sql)
  002003 (02000): SQL compilation error:
  Database 'ELT_PROJECT' does not exist or not authorized.
  compiled Code at target/run/dbt_project/models/staging/raw_customers.sql
[0m14:35:03
[0m14:35:03  Done. PASS=0 WARN=0 ERROR=1 SKIP=0 TOTAL=1
[2024-07-13T14:35:07.926+0000] {taskinstance.py:441} INFO - ::group::Post task execution logs
[2024-07-13T14:35:07.984+0000] {taskinstance.py:2905} ERROR - Task failed with exception
Traceback (most recent call last):
  File "/home/airflow/.local/lib/python3.12/site-packages/airflow/models/taskinstance.py", line 465, in _execute_task
    result = _execute_callable(context=context, **execute_callable_kwargs)
             ^^^^^^^^^^^^^^^^^^^^^^^^^^^^^^^^^^^^^^^^^^^^^^^^^^^^^^^^^^^^^
  File "/home/airflow/.local/lib/python3.12/site-packages/airflow/models/taskinstance.py", line 432, in _execute_callable
    return execute_callable(context=context, **execute_callable_kwargs)
           ^^^^^^^^^^^^^^^^^^^^^^^^^^^^^^^^^^^^^^^^^^^^^^^^^^^^^^^^^^^^
  File "/home/airflow/.local/lib/python3.12/site-packages/airflow/models/baseoperator.py", line 401, in wrapper
    return func(self, *args, **kwargs)
           ^^^^^^^^^^^^^^^^^^^^^^^^^^^
  File "/home/airflow/.local/lib/python3.12/site-packages/cosmos/operators/base.py", line 270, in execute
    self.build_and_run_cmd(context=context, cmd_flags=self.add_cmd_flags())
  File "/home/airflow/.local/lib/python3.12/site-packages/cosmos/operators/local.py", line 489, in build_and_run_cmd
    result = self.run_command(cmd=dbt_cmd, env=env, context=context)
             ^^^^^^^^^^^^^^^^^^^^^^^^^^^^^^^^^^^^^^^^^^^^^^^^^^^^^^^
  File "/home/airflow/.local/lib/python3.12/site-packages/cosmos/operators/local.py", line 359, in run_command
    self.handle_exception(result)
  File "/home/airflow/.local/lib/python3.12/site-packages/cosmos/operators/local.py", line 185, in handle_exception_subprocess
    raise AirflowException(f"dbt command failed. The command returned a non-zero exit code {result.exit_code}.")
airflow.exceptions.AirflowException: dbt command failed. The command returned a non-zero exit code 1.
[2024-07-13T14:35:08.005+0000] {taskinstance.py:1206} INFO - Marking task as UP_FOR_RETRY. dag_id=ELT-PROJECT, task_id=transform.raw_customers.run, run_id=manual__2024-07-13T14:33:15.830785+00:00, execution_date=20240713T143315, start_date=20240713T143357, end_date=20240713T143508
[2024-07-13T14:35:08.072+0000] {standard_task_runner.py:110} ERROR - Failed to execute job 359 for task transform.raw_customers.run (dbt command failed. The command returned a non-zero exit code 1.; 4880)
[2024-07-13T14:35:08.155+0000] {local_task_job_runner.py:240} INFO - Task exited with return code 1
[2024-07-13T14:35:08.197+0000] {local_task_job_runner.py:222} INFO - ::endgroup::
